CRITICAL - 2022-07-11 01:35:32 --> Attempt to read property "id" on null
in APPPATH/Views/admin/siswa/edit.php on line 42.
 1 APPPATH/Views/admin/siswa/edit.php(42): CodeIgniter\Debug\Exceptions->errorHandler()
 2 SYSTEMPATH/View/View.php(213): include('APPPATH/Views/admin/siswa/edit.php')
 3 SYSTEMPATH/View/View.php(216): CodeIgniter\View\View->CodeIgniter\View\{closure}()
 4 SYSTEMPATH/Common.php(1135): CodeIgniter\View\View->render()
 5 APPPATH/Controllers/Admin.php(656): view()
 6 SYSTEMPATH/CodeIgniter.php(896): App\Controllers\Admin->editsiswa()
 7 SYSTEMPATH/CodeIgniter.php(466): CodeIgniter\CodeIgniter->runController()
 8 SYSTEMPATH/CodeIgniter.php(349): CodeIgniter\CodeIgniter->handleRequest()
 9 FCPATH/index.php(55): CodeIgniter\CodeIgniter->run()
10 SYSTEMPATH/Commands/Server/rewrite.php(43): require_once('FCPATH/index.php')
ERROR - 2022-07-11 02:16:40 --> Unknown column 'soal' in 'field list'
CRITICAL - 2022-07-11 02:16:40 --> Unknown column 'soal' in 'field list'
in SYSTEMPATH/Database/MySQLi/Connection.php on line 292.
 1 SYSTEMPATH/Database/MySQLi/Connection.php(292): mysqli->query()
 2 SYSTEMPATH/Database/BaseConnection.php(695): CodeIgniter\Database\MySQLi\Connection->execute()
 3 SYSTEMPATH/Database/BaseConnection.php(609): CodeIgniter\Database\BaseConnection->simpleQuery()
 4 SYSTEMPATH/Database/BaseBuilder.php(1904): CodeIgniter\Database\BaseConnection->query()
 5 APPPATH/Controllers/Admin.php(129): CodeIgniter\Database\BaseBuilder->insert()
 6 SYSTEMPATH/CodeIgniter.php(896): App\Controllers\Admin->simpanUlangan()
 7 SYSTEMPATH/CodeIgniter.php(466): CodeIgniter\CodeIgniter->runController()
 8 SYSTEMPATH/CodeIgniter.php(349): CodeIgniter\CodeIgniter->handleRequest()
 9 FCPATH/index.php(55): CodeIgniter\CodeIgniter->run()
10 SYSTEMPATH/Commands/Server/rewrite.php(43): require_once('FCPATH/index.php')
ERROR - 2022-07-11 02:17:05 --> Unknown column 'mapel' in 'field list'
CRITICAL - 2022-07-11 02:17:05 --> Unknown column 'mapel' in 'field list'
in SYSTEMPATH/Database/MySQLi/Connection.php on line 292.
 1 SYSTEMPATH/Database/MySQLi/Connection.php(292): mysqli->query()
 2 SYSTEMPATH/Database/BaseConnection.php(695): CodeIgniter\Database\MySQLi\Connection->execute()
 3 SYSTEMPATH/Database/BaseConnection.php(609): CodeIgniter\Database\BaseConnection->simpleQuery()
 4 SYSTEMPATH/Database/BaseBuilder.php(1904): CodeIgniter\Database\BaseConnection->query()
 5 APPPATH/Controllers/Admin.php(129): CodeIgniter\Database\BaseBuilder->insert()
 6 SYSTEMPATH/CodeIgniter.php(896): App\Controllers\Admin->simpanUlangan()
 7 SYSTEMPATH/CodeIgniter.php(466): CodeIgniter\CodeIgniter->runController()
 8 SYSTEMPATH/CodeIgniter.php(349): CodeIgniter\CodeIgniter->handleRequest()
 9 FCPATH/index.php(55): CodeIgniter\CodeIgniter->run()
10 SYSTEMPATH/Commands/Server/rewrite.php(43): require_once('FCPATH/index.php')
CRITICAL - 2022-07-11 02:17:26 --> Undefined variable $ss
in APPPATH/Views/admin/ulangan/index.php on line 92.
 1 APPPATH/Views/admin/ulangan/index.php(92): CodeIgniter\Debug\Exceptions->errorHandler()
 2 SYSTEMPATH/View/View.php(213): include('APPPATH/Views/admin/ulangan/index.php')
 3 SYSTEMPATH/View/View.php(216): CodeIgniter\View\View->CodeIgniter\View\{closure}()
 4 SYSTEMPATH/Common.php(1135): CodeIgniter\View\View->render()
 5 APPPATH/Controllers/Admin.php(81): view()
 6 SYSTEMPATH/CodeIgniter.php(896): App\Controllers\Admin->ulangan()
 7 SYSTEMPATH/CodeIgniter.php(466): CodeIgniter\CodeIgniter->runController()
 8 SYSTEMPATH/CodeIgniter.php(349): CodeIgniter\CodeIgniter->handleRequest()
 9 FCPATH/index.php(55): CodeIgniter\CodeIgniter->run()
10 SYSTEMPATH/Commands/Server/rewrite.php(43): require_once('FCPATH/index.php')
CRITICAL - 2022-07-11 02:17:49 --> Undefined variable $ss
in APPPATH/Views/admin/ulangan/index.php on line 92.
 1 APPPATH/Views/admin/ulangan/index.php(92): CodeIgniter\Debug\Exceptions->errorHandler()
 2 SYSTEMPATH/View/View.php(213): include('APPPATH/Views/admin/ulangan/index.php')
 3 SYSTEMPATH/View/View.php(216): CodeIgniter\View\View->CodeIgniter\View\{closure}()
 4 SYSTEMPATH/Common.php(1135): CodeIgniter\View\View->render()
 5 APPPATH/Controllers/Admin.php(81): view()
 6 SYSTEMPATH/CodeIgniter.php(896): App\Controllers\Admin->ulangan()
 7 SYSTEMPATH/CodeIgniter.php(466): CodeIgniter\CodeIgniter->runController()
 8 SYSTEMPATH/CodeIgniter.php(349): CodeIgniter\CodeIgniter->handleRequest()
 9 FCPATH/index.php(55): CodeIgniter\CodeIgniter->run()
10 SYSTEMPATH/Commands/Server/rewrite.php(43): require_once('FCPATH/index.php')
CRITICAL - 2022-07-11 02:26:25 --> Undefined variable $siswa
in APPPATH/Views/siswa/index.php on line 6.
 1 APPPATH/Views/siswa/index.php(6): CodeIgniter\Debug\Exceptions->errorHandler()
 2 SYSTEMPATH/View/View.php(213): include('APPPATH/Views/siswa/index.php')
 3 SYSTEMPATH/View/View.php(216): CodeIgniter\View\View->CodeIgniter\View\{closure}()
 4 SYSTEMPATH/Common.php(1135): CodeIgniter\View\View->render()
 5 APPPATH/Controllers/Siswa.php(26): view()
 6 SYSTEMPATH/CodeIgniter.php(896): App\Controllers\Siswa->index()
 7 SYSTEMPATH/CodeIgniter.php(466): CodeIgniter\CodeIgniter->runController()
 8 SYSTEMPATH/CodeIgniter.php(349): CodeIgniter\CodeIgniter->handleRequest()
 9 FCPATH/index.php(55): CodeIgniter\CodeIgniter->run()
10 SYSTEMPATH/Commands/Server/rewrite.php(43): require_once('FCPATH/index.php')
CRITICAL - 2022-07-11 02:30:42 --> Invalid file: asda/index.php
in SYSTEMPATH/Exceptions/FrameworkException.php on line 33.
 1 SYSTEMPATH/View/View.php(201): CodeIgniter\Exceptions\FrameworkException::forInvalidFile()
 2 SYSTEMPATH/Common.php(1135): CodeIgniter\View\View->render()
 3 APPPATH/Controllers/Siswa.php(27): view()
 4 SYSTEMPATH/CodeIgniter.php(896): App\Controllers\Siswa->index()
 5 SYSTEMPATH/CodeIgniter.php(466): CodeIgniter\CodeIgniter->runController()
 6 SYSTEMPATH/CodeIgniter.php(349): CodeIgniter\CodeIgniter->handleRequest()
 7 FCPATH/index.php(55): CodeIgniter\CodeIgniter->run()
 8 SYSTEMPATH/Commands/Server/rewrite.php(43): require_once('FCPATH/index.php')
CRITICAL - 2022-07-11 03:45:42 --> Invalid file: admin/soal/index.php
in SYSTEMPATH/Exceptions/FrameworkException.php on line 33.
 1 SYSTEMPATH/View/View.php(201): CodeIgniter\Exceptions\FrameworkException::forInvalidFile()
 2 SYSTEMPATH/Common.php(1135): CodeIgniter\View\View->render()
 3 APPPATH/Controllers/Admin.php(66): view()
 4 SYSTEMPATH/CodeIgniter.php(896): App\Controllers\Admin->soal()
 5 SYSTEMPATH/CodeIgniter.php(466): CodeIgniter\CodeIgniter->runController()
 6 SYSTEMPATH/CodeIgniter.php(349): CodeIgniter\CodeIgniter->handleRequest()
 7 FCPATH/index.php(55): CodeIgniter\CodeIgniter->run()
 8 SYSTEMPATH/Commands/Server/rewrite.php(43): require_once('FCPATH/index.php')
CRITICAL - 2022-07-11 03:49:12 --> Invalid file: admin/soal/index.php
in SYSTEMPATH/Exceptions/FrameworkException.php on line 33.
 1 SYSTEMPATH/View/View.php(201): CodeIgniter\Exceptions\FrameworkException::forInvalidFile()
 2 SYSTEMPATH/Common.php(1135): CodeIgniter\View\View->render()
 3 APPPATH/Controllers/Admin.php(66): view()
 4 SYSTEMPATH/CodeIgniter.php(896): App\Controllers\Admin->soal()
 5 SYSTEMPATH/CodeIgniter.php(466): CodeIgniter\CodeIgniter->runController()
 6 SYSTEMPATH/CodeIgniter.php(349): CodeIgniter\CodeIgniter->handleRequest()
 7 FCPATH/index.php(55): CodeIgniter\CodeIgniter->run()
 8 SYSTEMPATH/Commands/Server/rewrite.php(43): require_once('FCPATH/index.php')
CRITICAL - 2022-07-11 03:49:26 --> Invalid file: admin/soal/index.php
in SYSTEMPATH/Exceptions/FrameworkException.php on line 33.
 1 SYSTEMPATH/View/View.php(201): CodeIgniter\Exceptions\FrameworkException::forInvalidFile()
 2 SYSTEMPATH/Common.php(1135): CodeIgniter\View\View->render()
 3 APPPATH/Controllers/Admin.php(66): view()
 4 SYSTEMPATH/CodeIgniter.php(896): App\Controllers\Admin->soal()
 5 SYSTEMPATH/CodeIgniter.php(466): CodeIgniter\CodeIgniter->runController()
 6 SYSTEMPATH/CodeIgniter.php(349): CodeIgniter\CodeIgniter->handleRequest()
 7 FCPATH/index.php(55): CodeIgniter\CodeIgniter->run()
 8 SYSTEMPATH/Commands/Server/rewrite.php(43): require_once('FCPATH/index.php')
CRITICAL - 2022-07-11 03:50:13 --> Undefined variable $ulangan
in APPPATH/Views/admin/soal/index.php on line 74.
 1 APPPATH/Views/admin/soal/index.php(74): CodeIgniter\Debug\Exceptions->errorHandler()
 2 SYSTEMPATH/View/View.php(213): include('APPPATH/Views/admin/soal/index.php')
 3 SYSTEMPATH/View/View.php(216): CodeIgniter\View\View->CodeIgniter\View\{closure}()
 4 SYSTEMPATH/Common.php(1135): CodeIgniter\View\View->render()
 5 APPPATH/Controllers/Admin.php(66): view()
 6 SYSTEMPATH/CodeIgniter.php(896): App\Controllers\Admin->soal()
 7 SYSTEMPATH/CodeIgniter.php(466): CodeIgniter\CodeIgniter->runController()
 8 SYSTEMPATH/CodeIgniter.php(349): CodeIgniter\CodeIgniter->handleRequest()
 9 FCPATH/index.php(55): CodeIgniter\CodeIgniter->run()
10 SYSTEMPATH/Commands/Server/rewrite.php(43): require_once('FCPATH/index.php')
CRITICAL - 2022-07-11 03:51:00 --> Undefined property: stdClass::$mapel
in APPPATH/Views/admin/soal/index.php on line 83.
 1 APPPATH/Views/admin/soal/index.php(83): CodeIgniter\Debug\Exceptions->errorHandler()
 2 SYSTEMPATH/View/View.php(213): include('APPPATH/Views/admin/soal/index.php')
 3 SYSTEMPATH/View/View.php(216): CodeIgniter\View\View->CodeIgniter\View\{closure}()
 4 SYSTEMPATH/Common.php(1135): CodeIgniter\View\View->render()
 5 APPPATH/Controllers/Admin.php(66): view()
 6 SYSTEMPATH/CodeIgniter.php(896): App\Controllers\Admin->soal()
 7 SYSTEMPATH/CodeIgniter.php(466): CodeIgniter\CodeIgniter->runController()
 8 SYSTEMPATH/CodeIgniter.php(349): CodeIgniter\CodeIgniter->handleRequest()
 9 FCPATH/index.php(55): CodeIgniter\CodeIgniter->run()
10 SYSTEMPATH/Commands/Server/rewrite.php(43): require_once('FCPATH/index.php')
CRITICAL - 2022-07-11 03:51:10 --> Undefined property: stdClass::$tanggal
in APPPATH/Views/admin/soal/index.php on line 86.
 1 APPPATH/Views/admin/soal/index.php(86): CodeIgniter\Debug\Exceptions->errorHandler()
 2 SYSTEMPATH/View/View.php(213): include('APPPATH/Views/admin/soal/index.php')
 3 SYSTEMPATH/View/View.php(216): CodeIgniter\View\View->CodeIgniter\View\{closure}()
 4 SYSTEMPATH/Common.php(1135): CodeIgniter\View\View->render()
 5 APPPATH/Controllers/Admin.php(66): view()
 6 SYSTEMPATH/CodeIgniter.php(896): App\Controllers\Admin->soal()
 7 SYSTEMPATH/CodeIgniter.php(466): CodeIgniter\CodeIgniter->runController()
 8 SYSTEMPATH/CodeIgniter.php(349): CodeIgniter\CodeIgniter->handleRequest()
 9 FCPATH/index.php(55): CodeIgniter\CodeIgniter->run()
10 SYSTEMPATH/Commands/Server/rewrite.php(43): require_once('FCPATH/index.php')
CRITICAL - 2022-07-11 03:51:21 --> Undefined property: stdClass::$tanggal
in APPPATH/Views/admin/soal/index.php on line 86.
 1 APPPATH/Views/admin/soal/index.php(86): CodeIgniter\Debug\Exceptions->errorHandler()
 2 SYSTEMPATH/View/View.php(213): include('APPPATH/Views/admin/soal/index.php')
 3 SYSTEMPATH/View/View.php(216): CodeIgniter\View\View->CodeIgniter\View\{closure}()
 4 SYSTEMPATH/Common.php(1135): CodeIgniter\View\View->render()
 5 APPPATH/Controllers/Admin.php(66): view()
 6 SYSTEMPATH/CodeIgniter.php(896): App\Controllers\Admin->soal()
 7 SYSTEMPATH/CodeIgniter.php(466): CodeIgniter\CodeIgniter->runController()
 8 SYSTEMPATH/CodeIgniter.php(349): CodeIgniter\CodeIgniter->handleRequest()
 9 FCPATH/index.php(55): CodeIgniter\CodeIgniter->run()
10 SYSTEMPATH/Commands/Server/rewrite.php(43): require_once('FCPATH/index.php')
CRITICAL - 2022-07-11 03:51:22 --> Undefined property: stdClass::$tanggal
in APPPATH/Views/admin/soal/index.php on line 86.
 1 APPPATH/Views/admin/soal/index.php(86): CodeIgniter\Debug\Exceptions->errorHandler()
 2 SYSTEMPATH/View/View.php(213): include('APPPATH/Views/admin/soal/index.php')
 3 SYSTEMPATH/View/View.php(216): CodeIgniter\View\View->CodeIgniter\View\{closure}()
 4 SYSTEMPATH/Common.php(1135): CodeIgniter\View\View->render()
 5 APPPATH/Controllers/Admin.php(66): view()
 6 SYSTEMPATH/CodeIgniter.php(896): App\Controllers\Admin->soal()
 7 SYSTEMPATH/CodeIgniter.php(466): CodeIgniter\CodeIgniter->runController()
 8 SYSTEMPATH/CodeIgniter.php(349): CodeIgniter\CodeIgniter->handleRequest()
 9 FCPATH/index.php(55): CodeIgniter\CodeIgniter->run()
10 SYSTEMPATH/Commands/Server/rewrite.php(43): require_once('FCPATH/index.php')
CRITICAL - 2022-07-11 03:51:32 --> Undefined variable $u
in APPPATH/Views/admin/soal/index.php on line 92.
 1 APPPATH/Views/admin/soal/index.php(92): CodeIgniter\Debug\Exceptions->errorHandler()
 2 SYSTEMPATH/View/View.php(213): include('APPPATH/Views/admin/soal/index.php')
 3 SYSTEMPATH/View/View.php(216): CodeIgniter\View\View->CodeIgniter\View\{closure}()
 4 SYSTEMPATH/Common.php(1135): CodeIgniter\View\View->render()
 5 APPPATH/Controllers/Admin.php(66): view()
 6 SYSTEMPATH/CodeIgniter.php(896): App\Controllers\Admin->soal()
 7 SYSTEMPATH/CodeIgniter.php(466): CodeIgniter\CodeIgniter->runController()
 8 SYSTEMPATH/CodeIgniter.php(349): CodeIgniter\CodeIgniter->handleRequest()
 9 FCPATH/index.php(55): CodeIgniter\CodeIgniter->run()
10 SYSTEMPATH/Commands/Server/rewrite.php(43): require_once('FCPATH/index.php')
CRITICAL - 2022-07-11 03:51:33 --> Undefined variable $u
in APPPATH/Views/admin/soal/index.php on line 92.
 1 APPPATH/Views/admin/soal/index.php(92): CodeIgniter\Debug\Exceptions->errorHandler()
 2 SYSTEMPATH/View/View.php(213): include('APPPATH/Views/admin/soal/index.php')
 3 SYSTEMPATH/View/View.php(216): CodeIgniter\View\View->CodeIgniter\View\{closure}()
 4 SYSTEMPATH/Common.php(1135): CodeIgniter\View\View->render()
 5 APPPATH/Controllers/Admin.php(66): view()
 6 SYSTEMPATH/CodeIgniter.php(896): App\Controllers\Admin->soal()
 7 SYSTEMPATH/CodeIgniter.php(466): CodeIgniter\CodeIgniter->runController()
 8 SYSTEMPATH/CodeIgniter.php(349): CodeIgniter\CodeIgniter->handleRequest()
 9 FCPATH/index.php(55): CodeIgniter\CodeIgniter->run()
10 SYSTEMPATH/Commands/Server/rewrite.php(43): require_once('FCPATH/index.php')
CRITICAL - 2022-07-11 03:51:33 --> Undefined variable $u
in APPPATH/Views/admin/soal/index.php on line 92.
 1 APPPATH/Views/admin/soal/index.php(92): CodeIgniter\Debug\Exceptions->errorHandler()
 2 SYSTEMPATH/View/View.php(213): include('APPPATH/Views/admin/soal/index.php')
 3 SYSTEMPATH/View/View.php(216): CodeIgniter\View\View->CodeIgniter\View\{closure}()
 4 SYSTEMPATH/Common.php(1135): CodeIgniter\View\View->render()
 5 APPPATH/Controllers/Admin.php(66): view()
 6 SYSTEMPATH/CodeIgniter.php(896): App\Controllers\Admin->soal()
 7 SYSTEMPATH/CodeIgniter.php(466): CodeIgniter\CodeIgniter->runController()
 8 SYSTEMPATH/CodeIgniter.php(349): CodeIgniter\CodeIgniter->handleRequest()
 9 FCPATH/index.php(55): CodeIgniter\CodeIgniter->run()
10 SYSTEMPATH/Commands/Server/rewrite.php(43): require_once('FCPATH/index.php')
ERROR - 2022-07-11 05:12:47 --> Error connecting to the database: Connection refused
CRITICAL - 2022-07-11 05:12:47 --> Unable to connect to the database.
Main connection [MySQLi]: Connection refused
in SYSTEMPATH/Database/BaseConnection.php on line 416.
 1 SYSTEMPATH/Database/BaseConnection.php(586): CodeIgniter\Database\BaseConnection->initialize()
 2 SYSTEMPATH/Database/BaseBuilder.php(1585): CodeIgniter\Database\BaseConnection->query()
 3 APPPATH/Models/ModelAuth.php(28): CodeIgniter\Database\BaseBuilder->get()
 4 APPPATH/Controllers/Auth.php(132): App\Models\ModelAuth->login()
 5 SYSTEMPATH/CodeIgniter.php(896): App\Controllers\Auth->cekLogin()
 6 SYSTEMPATH/CodeIgniter.php(466): CodeIgniter\CodeIgniter->runController()
 7 SYSTEMPATH/CodeIgniter.php(349): CodeIgniter\CodeIgniter->handleRequest()
 8 FCPATH/index.php(55): CodeIgniter\CodeIgniter->run()
 9 SYSTEMPATH/Commands/Server/rewrite.php(43): require_once('FCPATH/index.php')
CRITICAL - 2022-07-11 05:32:00 --> Object of class stdClass could not be converted to string
in SYSTEMPATH/Database/Query.php on line 335.
 1 SYSTEMPATH/Database/Query.php(335): strtr()
 2 SYSTEMPATH/Database/Query.php(310): CodeIgniter\Database\Query->matchNamedBinds()
 3 SYSTEMPATH/Database/Query.php(159): CodeIgniter\Database\Query->compileBinds()
 4 SYSTEMPATH/Database/BaseConnection.php(609): CodeIgniter\Database\Query->getQuery()
 5 SYSTEMPATH/Database/BaseBuilder.php(1585): CodeIgniter\Database\BaseConnection->query()
 6 APPPATH/Controllers/Siswa.php(17): CodeIgniter\Database\BaseBuilder->get()
 7 SYSTEMPATH/CodeIgniter.php(896): App\Controllers\Siswa->index()
 8 SYSTEMPATH/CodeIgniter.php(466): CodeIgniter\CodeIgniter->runController()
 9 SYSTEMPATH/CodeIgniter.php(349): CodeIgniter\CodeIgniter->handleRequest()
10 FCPATH/index.php(55): CodeIgniter\CodeIgniter->run()
11 SYSTEMPATH/Commands/Server/rewrite.php(43): require_once('FCPATH/index.php')
CRITICAL - 2022-07-11 05:32:01 --> Object of class stdClass could not be converted to string
in SYSTEMPATH/Database/Query.php on line 335.
 1 SYSTEMPATH/Database/Query.php(335): strtr()
 2 SYSTEMPATH/Database/Query.php(310): CodeIgniter\Database\Query->matchNamedBinds()
 3 SYSTEMPATH/Database/Query.php(159): CodeIgniter\Database\Query->compileBinds()
 4 SYSTEMPATH/Database/BaseConnection.php(609): CodeIgniter\Database\Query->getQuery()
 5 SYSTEMPATH/Database/BaseBuilder.php(1585): CodeIgniter\Database\BaseConnection->query()
 6 APPPATH/Controllers/Siswa.php(17): CodeIgniter\Database\BaseBuilder->get()
 7 SYSTEMPATH/CodeIgniter.php(896): App\Controllers\Siswa->index()
 8 SYSTEMPATH/CodeIgniter.php(466): CodeIgniter\CodeIgniter->runController()
 9 SYSTEMPATH/CodeIgniter.php(349): CodeIgniter\CodeIgniter->handleRequest()
10 FCPATH/index.php(55): CodeIgniter\CodeIgniter->run()
11 SYSTEMPATH/Commands/Server/rewrite.php(43): require_once('FCPATH/index.php')
CRITICAL - 2022-07-11 05:32:47 --> Object of class stdClass could not be converted to string
in SYSTEMPATH/Database/Query.php on line 335.
 1 SYSTEMPATH/Database/Query.php(335): strtr()
 2 SYSTEMPATH/Database/Query.php(310): CodeIgniter\Database\Query->matchNamedBinds()
 3 SYSTEMPATH/Database/Query.php(159): CodeIgniter\Database\Query->compileBinds()
 4 SYSTEMPATH/Database/BaseConnection.php(609): CodeIgniter\Database\Query->getQuery()
 5 SYSTEMPATH/Database/BaseBuilder.php(1585): CodeIgniter\Database\BaseConnection->query()
 6 APPPATH/Controllers/Siswa.php(17): CodeIgniter\Database\BaseBuilder->get()
 7 SYSTEMPATH/CodeIgniter.php(896): App\Controllers\Siswa->index()
 8 SYSTEMPATH/CodeIgniter.php(466): CodeIgniter\CodeIgniter->runController()
 9 SYSTEMPATH/CodeIgniter.php(349): CodeIgniter\CodeIgniter->handleRequest()
10 FCPATH/index.php(55): CodeIgniter\CodeIgniter->run()
11 SYSTEMPATH/Commands/Server/rewrite.php(43): require_once('FCPATH/index.php')
CRITICAL - 2022-07-11 05:32:48 --> Object of class stdClass could not be converted to string
in SYSTEMPATH/Database/Query.php on line 335.
 1 SYSTEMPATH/Database/Query.php(335): strtr()
 2 SYSTEMPATH/Database/Query.php(310): CodeIgniter\Database\Query->matchNamedBinds()
 3 SYSTEMPATH/Database/Query.php(159): CodeIgniter\Database\Query->compileBinds()
 4 SYSTEMPATH/Database/BaseConnection.php(609): CodeIgniter\Database\Query->getQuery()
 5 SYSTEMPATH/Database/BaseBuilder.php(1585): CodeIgniter\Database\BaseConnection->query()
 6 APPPATH/Controllers/Siswa.php(17): CodeIgniter\Database\BaseBuilder->get()
 7 SYSTEMPATH/CodeIgniter.php(896): App\Controllers\Siswa->index()
 8 SYSTEMPATH/CodeIgniter.php(466): CodeIgniter\CodeIgniter->runController()
 9 SYSTEMPATH/CodeIgniter.php(349): CodeIgniter\CodeIgniter->handleRequest()
10 FCPATH/index.php(55): CodeIgniter\CodeIgniter->run()
11 SYSTEMPATH/Commands/Server/rewrite.php(43): require_once('FCPATH/index.php')
CRITICAL - 2022-07-11 05:32:48 --> Object of class stdClass could not be converted to string
in SYSTEMPATH/Database/Query.php on line 335.
 1 SYSTEMPATH/Database/Query.php(335): strtr()
 2 SYSTEMPATH/Database/Query.php(310): CodeIgniter\Database\Query->matchNamedBinds()
 3 SYSTEMPATH/Database/Query.php(159): CodeIgniter\Database\Query->compileBinds()
 4 SYSTEMPATH/Database/BaseConnection.php(609): CodeIgniter\Database\Query->getQuery()
 5 SYSTEMPATH/Database/BaseBuilder.php(1585): CodeIgniter\Database\BaseConnection->query()
 6 APPPATH/Controllers/Siswa.php(17): CodeIgniter\Database\BaseBuilder->get()
 7 SYSTEMPATH/CodeIgniter.php(896): App\Controllers\Siswa->index()
 8 SYSTEMPATH/CodeIgniter.php(466): CodeIgniter\CodeIgniter->runController()
 9 SYSTEMPATH/CodeIgniter.php(349): CodeIgniter\CodeIgniter->handleRequest()
10 FCPATH/index.php(55): CodeIgniter\CodeIgniter->run()
11 SYSTEMPATH/Commands/Server/rewrite.php(43): require_once('FCPATH/index.php')
CRITICAL - 2022-07-11 05:32:49 --> Object of class stdClass could not be converted to string
in SYSTEMPATH/Database/Query.php on line 335.
 1 SYSTEMPATH/Database/Query.php(335): strtr()
 2 SYSTEMPATH/Database/Query.php(310): CodeIgniter\Database\Query->matchNamedBinds()
 3 SYSTEMPATH/Database/Query.php(159): CodeIgniter\Database\Query->compileBinds()
 4 SYSTEMPATH/Database/BaseConnection.php(609): CodeIgniter\Database\Query->getQuery()
 5 SYSTEMPATH/Database/BaseBuilder.php(1585): CodeIgniter\Database\BaseConnection->query()
 6 APPPATH/Controllers/Siswa.php(17): CodeIgniter\Database\BaseBuilder->get()
 7 SYSTEMPATH/CodeIgniter.php(896): App\Controllers\Siswa->index()
 8 SYSTEMPATH/CodeIgniter.php(466): CodeIgniter\CodeIgniter->runController()
 9 SYSTEMPATH/CodeIgniter.php(349): CodeIgniter\CodeIgniter->handleRequest()
10 FCPATH/index.php(55): CodeIgniter\CodeIgniter->run()
11 SYSTEMPATH/Commands/Server/rewrite.php(43): require_once('FCPATH/index.php')
CRITICAL - 2022-07-11 05:32:50 --> Object of class stdClass could not be converted to string
in SYSTEMPATH/Database/Query.php on line 335.
 1 SYSTEMPATH/Database/Query.php(335): strtr()
 2 SYSTEMPATH/Database/Query.php(310): CodeIgniter\Database\Query->matchNamedBinds()
 3 SYSTEMPATH/Database/Query.php(159): CodeIgniter\Database\Query->compileBinds()
 4 SYSTEMPATH/Database/BaseConnection.php(609): CodeIgniter\Database\Query->getQuery()
 5 SYSTEMPATH/Database/BaseBuilder.php(1585): CodeIgniter\Database\BaseConnection->query()
 6 APPPATH/Controllers/Siswa.php(17): CodeIgniter\Database\BaseBuilder->get()
 7 SYSTEMPATH/CodeIgniter.php(896): App\Controllers\Siswa->index()
 8 SYSTEMPATH/CodeIgniter.php(466): CodeIgniter\CodeIgniter->runController()
 9 SYSTEMPATH/CodeIgniter.php(349): CodeIgniter\CodeIgniter->handleRequest()
10 FCPATH/index.php(55): CodeIgniter\CodeIgniter->run()
11 SYSTEMPATH/Commands/Server/rewrite.php(43): require_once('FCPATH/index.php')
CRITICAL - 2022-07-11 05:32:50 --> Object of class stdClass could not be converted to string
in SYSTEMPATH/Database/Query.php on line 335.
 1 SYSTEMPATH/Database/Query.php(335): strtr()
 2 SYSTEMPATH/Database/Query.php(310): CodeIgniter\Database\Query->matchNamedBinds()
 3 SYSTEMPATH/Database/Query.php(159): CodeIgniter\Database\Query->compileBinds()
 4 SYSTEMPATH/Database/BaseConnection.php(609): CodeIgniter\Database\Query->getQuery()
 5 SYSTEMPATH/Database/BaseBuilder.php(1585): CodeIgniter\Database\BaseConnection->query()
 6 APPPATH/Controllers/Siswa.php(17): CodeIgniter\Database\BaseBuilder->get()
 7 SYSTEMPATH/CodeIgniter.php(896): App\Controllers\Siswa->index()
 8 SYSTEMPATH/CodeIgniter.php(466): CodeIgniter\CodeIgniter->runController()
 9 SYSTEMPATH/CodeIgniter.php(349): CodeIgniter\CodeIgniter->handleRequest()
10 FCPATH/index.php(55): CodeIgniter\CodeIgniter->run()
11 SYSTEMPATH/Commands/Server/rewrite.php(43): require_once('FCPATH/index.php')
CRITICAL - 2022-07-11 05:33:04 --> Object of class stdClass could not be converted to string
in SYSTEMPATH/Database/Query.php on line 335.
 1 SYSTEMPATH/Database/Query.php(335): strtr()
 2 SYSTEMPATH/Database/Query.php(310): CodeIgniter\Database\Query->matchNamedBinds()
 3 SYSTEMPATH/Database/Query.php(159): CodeIgniter\Database\Query->compileBinds()
 4 SYSTEMPATH/Database/BaseConnection.php(609): CodeIgniter\Database\Query->getQuery()
 5 SYSTEMPATH/Database/BaseBuilder.php(1585): CodeIgniter\Database\BaseConnection->query()
 6 APPPATH/Controllers/Siswa.php(17): CodeIgniter\Database\BaseBuilder->get()
 7 SYSTEMPATH/CodeIgniter.php(896): App\Controllers\Siswa->index()
 8 SYSTEMPATH/CodeIgniter.php(466): CodeIgniter\CodeIgniter->runController()
 9 SYSTEMPATH/CodeIgniter.php(349): CodeIgniter\CodeIgniter->handleRequest()
10 FCPATH/index.php(55): CodeIgniter\CodeIgniter->run()
11 SYSTEMPATH/Commands/Server/rewrite.php(43): require_once('FCPATH/index.php')
CRITICAL - 2022-07-11 05:34:10 --> Object of class stdClass could not be converted to string
in SYSTEMPATH/Database/Query.php on line 335.
 1 SYSTEMPATH/Database/Query.php(335): strtr()
 2 SYSTEMPATH/Database/Query.php(310): CodeIgniter\Database\Query->matchNamedBinds()
 3 SYSTEMPATH/Database/Query.php(159): CodeIgniter\Database\Query->compileBinds()
 4 SYSTEMPATH/Database/BaseConnection.php(609): CodeIgniter\Database\Query->getQuery()
 5 SYSTEMPATH/Database/BaseBuilder.php(1585): CodeIgniter\Database\BaseConnection->query()
 6 APPPATH/Controllers/Siswa.php(21): CodeIgniter\Database\BaseBuilder->get()
 7 SYSTEMPATH/CodeIgniter.php(896): App\Controllers\Siswa->index()
 8 SYSTEMPATH/CodeIgniter.php(466): CodeIgniter\CodeIgniter->runController()
 9 SYSTEMPATH/CodeIgniter.php(349): CodeIgniter\CodeIgniter->handleRequest()
10 FCPATH/index.php(55): CodeIgniter\CodeIgniter->run()
11 SYSTEMPATH/Commands/Server/rewrite.php(43): require_once('FCPATH/index.php')
CRITICAL - 2022-07-11 05:34:40 --> Object of class stdClass could not be converted to string
in SYSTEMPATH/Database/Query.php on line 335.
 1 SYSTEMPATH/Database/Query.php(335): strtr()
 2 SYSTEMPATH/Database/Query.php(310): CodeIgniter\Database\Query->matchNamedBinds()
 3 SYSTEMPATH/Database/Query.php(159): CodeIgniter\Database\Query->compileBinds()
 4 SYSTEMPATH/Database/BaseConnection.php(609): CodeIgniter\Database\Query->getQuery()
 5 SYSTEMPATH/Database/BaseBuilder.php(1585): CodeIgniter\Database\BaseConnection->query()
 6 APPPATH/Controllers/Siswa.php(21): CodeIgniter\Database\BaseBuilder->get()
 7 SYSTEMPATH/CodeIgniter.php(896): App\Controllers\Siswa->index()
 8 SYSTEMPATH/CodeIgniter.php(466): CodeIgniter\CodeIgniter->runController()
 9 SYSTEMPATH/CodeIgniter.php(349): CodeIgniter\CodeIgniter->handleRequest()
10 FCPATH/index.php(55): CodeIgniter\CodeIgniter->run()
11 SYSTEMPATH/Commands/Server/rewrite.php(43): require_once('FCPATH/index.php')
CRITICAL - 2022-07-11 05:34:41 --> Object of class stdClass could not be converted to string
in SYSTEMPATH/Database/Query.php on line 335.
 1 SYSTEMPATH/Database/Query.php(335): strtr()
 2 SYSTEMPATH/Database/Query.php(310): CodeIgniter\Database\Query->matchNamedBinds()
 3 SYSTEMPATH/Database/Query.php(159): CodeIgniter\Database\Query->compileBinds()
 4 SYSTEMPATH/Database/BaseConnection.php(609): CodeIgniter\Database\Query->getQuery()
 5 SYSTEMPATH/Database/BaseBuilder.php(1585): CodeIgniter\Database\BaseConnection->query()
 6 APPPATH/Controllers/Siswa.php(21): CodeIgniter\Database\BaseBuilder->get()
 7 SYSTEMPATH/CodeIgniter.php(896): App\Controllers\Siswa->index()
 8 SYSTEMPATH/CodeIgniter.php(466): CodeIgniter\CodeIgniter->runController()
 9 SYSTEMPATH/CodeIgniter.php(349): CodeIgniter\CodeIgniter->handleRequest()
10 FCPATH/index.php(55): CodeIgniter\CodeIgniter->run()
11 SYSTEMPATH/Commands/Server/rewrite.php(43): require_once('FCPATH/index.php')
CRITICAL - 2022-07-11 05:35:09 --> Object of class stdClass could not be converted to string
in SYSTEMPATH/Database/Query.php on line 335.
 1 SYSTEMPATH/Database/Query.php(335): strtr()
 2 SYSTEMPATH/Database/Query.php(310): CodeIgniter\Database\Query->matchNamedBinds()
 3 SYSTEMPATH/Database/Query.php(159): CodeIgniter\Database\Query->compileBinds()
 4 SYSTEMPATH/Database/BaseConnection.php(609): CodeIgniter\Database\Query->getQuery()
 5 SYSTEMPATH/Database/BaseBuilder.php(1585): CodeIgniter\Database\BaseConnection->query()
 6 APPPATH/Controllers/Siswa.php(21): CodeIgniter\Database\BaseBuilder->get()
 7 SYSTEMPATH/CodeIgniter.php(896): App\Controllers\Siswa->index()
 8 SYSTEMPATH/CodeIgniter.php(466): CodeIgniter\CodeIgniter->runController()
 9 SYSTEMPATH/CodeIgniter.php(349): CodeIgniter\CodeIgniter->handleRequest()
10 FCPATH/index.php(55): CodeIgniter\CodeIgniter->run()
11 SYSTEMPATH/Commands/Server/rewrite.php(43): require_once('FCPATH/index.php')
CRITICAL - 2022-07-11 05:39:01 --> count(): Argument #1 ($value) must be of type Countable|array, null given
in APPPATH/Controllers/Siswa.php on line 21.
 1 APPPATH/Controllers/Siswa.php(21): count()
 2 SYSTEMPATH/CodeIgniter.php(896): App\Controllers\Siswa->index()
 3 SYSTEMPATH/CodeIgniter.php(466): CodeIgniter\CodeIgniter->runController()
 4 SYSTEMPATH/CodeIgniter.php(349): CodeIgniter\CodeIgniter->handleRequest()
 5 FCPATH/index.php(55): CodeIgniter\CodeIgniter->run()
 6 SYSTEMPATH/Commands/Server/rewrite.php(43): require_once('FCPATH/index.php')
CRITICAL - 2022-07-11 05:39:19 --> count(): Argument #1 ($value) must be of type Countable|array, CodeIgniter\Database\MySQLi\Result given
in APPPATH/Controllers/Siswa.php on line 21.
 1 APPPATH/Controllers/Siswa.php(21): count()
 2 SYSTEMPATH/CodeIgniter.php(896): App\Controllers\Siswa->index()
 3 SYSTEMPATH/CodeIgniter.php(466): CodeIgniter\CodeIgniter->runController()
 4 SYSTEMPATH/CodeIgniter.php(349): CodeIgniter\CodeIgniter->handleRequest()
 5 FCPATH/index.php(55): CodeIgniter\CodeIgniter->run()
 6 SYSTEMPATH/Commands/Server/rewrite.php(43): require_once('FCPATH/index.php')
CRITICAL - 2022-07-11 05:39:34 --> count(): Argument #1 ($value) must be of type Countable|array, CodeIgniter\Database\MySQLi\Result given
in APPPATH/Controllers/Siswa.php on line 21.
 1 APPPATH/Controllers/Siswa.php(21): count()
 2 SYSTEMPATH/CodeIgniter.php(896): App\Controllers\Siswa->index()
 3 SYSTEMPATH/CodeIgniter.php(466): CodeIgniter\CodeIgniter->runController()
 4 SYSTEMPATH/CodeIgniter.php(349): CodeIgniter\CodeIgniter->handleRequest()
 5 FCPATH/index.php(55): CodeIgniter\CodeIgniter->run()
 6 SYSTEMPATH/Commands/Server/rewrite.php(43): require_once('FCPATH/index.php')
CRITICAL - 2022-07-11 05:39:35 --> count(): Argument #1 ($value) must be of type Countable|array, CodeIgniter\Database\MySQLi\Result given
in APPPATH/Controllers/Siswa.php on line 21.
 1 APPPATH/Controllers/Siswa.php(21): count()
 2 SYSTEMPATH/CodeIgniter.php(896): App\Controllers\Siswa->index()
 3 SYSTEMPATH/CodeIgniter.php(466): CodeIgniter\CodeIgniter->runController()
 4 SYSTEMPATH/CodeIgniter.php(349): CodeIgniter\CodeIgniter->handleRequest()
 5 FCPATH/index.php(55): CodeIgniter\CodeIgniter->run()
 6 SYSTEMPATH/Commands/Server/rewrite.php(43): require_once('FCPATH/index.php')
CRITICAL - 2022-07-11 05:39:36 --> count(): Argument #1 ($value) must be of type Countable|array, CodeIgniter\Database\MySQLi\Result given
in APPPATH/Controllers/Siswa.php on line 21.
 1 APPPATH/Controllers/Siswa.php(21): count()
 2 SYSTEMPATH/CodeIgniter.php(896): App\Controllers\Siswa->index()
 3 SYSTEMPATH/CodeIgniter.php(466): CodeIgniter\CodeIgniter->runController()
 4 SYSTEMPATH/CodeIgniter.php(349): CodeIgniter\CodeIgniter->handleRequest()
 5 FCPATH/index.php(55): CodeIgniter\CodeIgniter->run()
 6 SYSTEMPATH/Commands/Server/rewrite.php(43): require_once('FCPATH/index.php')
CRITICAL - 2022-07-11 05:39:36 --> count(): Argument #1 ($value) must be of type Countable|array, CodeIgniter\Database\MySQLi\Result given
in APPPATH/Controllers/Siswa.php on line 21.
 1 APPPATH/Controllers/Siswa.php(21): count()
 2 SYSTEMPATH/CodeIgniter.php(896): App\Controllers\Siswa->index()
 3 SYSTEMPATH/CodeIgniter.php(466): CodeIgniter\CodeIgniter->runController()
 4 SYSTEMPATH/CodeIgniter.php(349): CodeIgniter\CodeIgniter->handleRequest()
 5 FCPATH/index.php(55): CodeIgniter\CodeIgniter->run()
 6 SYSTEMPATH/Commands/Server/rewrite.php(43): require_once('FCPATH/index.php')
CRITICAL - 2022-07-11 05:40:47 --> count(): Argument #1 ($value) must be of type Countable|array, null given
in APPPATH/Controllers/Siswa.php on line 22.
 1 APPPATH/Controllers/Siswa.php(22): count()
 2 SYSTEMPATH/CodeIgniter.php(896): App\Controllers\Siswa->index()
 3 SYSTEMPATH/CodeIgniter.php(466): CodeIgniter\CodeIgniter->runController()
 4 SYSTEMPATH/CodeIgniter.php(349): CodeIgniter\CodeIgniter->handleRequest()
 5 FCPATH/index.php(55): CodeIgniter\CodeIgniter->run()
 6 SYSTEMPATH/Commands/Server/rewrite.php(43): require_once('FCPATH/index.php')
ERROR - 2022-07-11 05:42:49 --> You have an error in your SQL syntax; check the manual that corresponds to your MariaDB server version for the right syntax to use near '*
FROM `ikut_ulangan`
WHERE `id_siswa` = '11'' at line 1
CRITICAL - 2022-07-11 05:42:49 --> You have an error in your SQL syntax; check the manual that corresponds to your MariaDB server version for the right syntax to use near '*
FROM `ikut_ulangan`
WHERE `id_siswa` = '11'' at line 1
in SYSTEMPATH/Database/MySQLi/Connection.php on line 292.
 1 SYSTEMPATH/Database/MySQLi/Connection.php(292): mysqli->query()
 2 SYSTEMPATH/Database/BaseConnection.php(695): CodeIgniter\Database\MySQLi\Connection->execute()
 3 SYSTEMPATH/Database/BaseConnection.php(609): CodeIgniter\Database\BaseConnection->simpleQuery()
 4 SYSTEMPATH/Database/BaseBuilder.php(1585): CodeIgniter\Database\BaseConnection->query()
 5 APPPATH/Controllers/Siswa.php(21): CodeIgniter\Database\BaseBuilder->get()
 6 SYSTEMPATH/CodeIgniter.php(896): App\Controllers\Siswa->index()
 7 SYSTEMPATH/CodeIgniter.php(466): CodeIgniter\CodeIgniter->runController()
 8 SYSTEMPATH/CodeIgniter.php(349): CodeIgniter\CodeIgniter->handleRequest()
 9 FCPATH/index.php(55): CodeIgniter\CodeIgniter->run()
10 SYSTEMPATH/Commands/Server/rewrite.php(43): require_once('FCPATH/index.php')
ERROR - 2022-07-11 05:43:13 --> You have an error in your SQL syntax; check the manual that corresponds to your MariaDB server version for the right syntax to use near '*
FROM `ikut_ulangan`
WHERE `id_siswa` = '11'' at line 1
CRITICAL - 2022-07-11 05:43:13 --> You have an error in your SQL syntax; check the manual that corresponds to your MariaDB server version for the right syntax to use near '*
FROM `ikut_ulangan`
WHERE `id_siswa` = '11'' at line 1
in SYSTEMPATH/Database/MySQLi/Connection.php on line 292.
 1 SYSTEMPATH/Database/MySQLi/Connection.php(292): mysqli->query()
 2 SYSTEMPATH/Database/BaseConnection.php(695): CodeIgniter\Database\MySQLi\Connection->execute()
 3 SYSTEMPATH/Database/BaseConnection.php(609): CodeIgniter\Database\BaseConnection->simpleQuery()
 4 SYSTEMPATH/Database/BaseBuilder.php(1585): CodeIgniter\Database\BaseConnection->query()
 5 APPPATH/Controllers/Siswa.php(21): CodeIgniter\Database\BaseBuilder->get()
 6 SYSTEMPATH/CodeIgniter.php(896): App\Controllers\Siswa->index()
 7 SYSTEMPATH/CodeIgniter.php(466): CodeIgniter\CodeIgniter->runController()
 8 SYSTEMPATH/CodeIgniter.php(349): CodeIgniter\CodeIgniter->handleRequest()
 9 FCPATH/index.php(55): CodeIgniter\CodeIgniter->run()
10 SYSTEMPATH/Commands/Server/rewrite.php(43): require_once('FCPATH/index.php')
CRITICAL - 2022-07-11 05:49:47 --> Undefined variable $id_siswa
in APPPATH/Controllers/Siswa.php on line 21.
 1 APPPATH/Controllers/Siswa.php(21): CodeIgniter\Debug\Exceptions->errorHandler()
 2 SYSTEMPATH/CodeIgniter.php(896): App\Controllers\Siswa->index()
 3 SYSTEMPATH/CodeIgniter.php(466): CodeIgniter\CodeIgniter->runController()
 4 SYSTEMPATH/CodeIgniter.php(349): CodeIgniter\CodeIgniter->handleRequest()
 5 FCPATH/index.php(55): CodeIgniter\CodeIgniter->run()
 6 SYSTEMPATH/Commands/Server/rewrite.php(43): require_once('FCPATH/index.php')
CRITICAL - 2022-07-11 05:50:38 --> Undefined constant "App\Controllers\this"
in APPPATH/Controllers/Siswa.php on line 21.
 1 SYSTEMPATH/CodeIgniter.php(896): App\Controllers\Siswa->index()
 2 SYSTEMPATH/CodeIgniter.php(466): CodeIgniter\CodeIgniter->runController()
 3 SYSTEMPATH/CodeIgniter.php(349): CodeIgniter\CodeIgniter->handleRequest()
 4 FCPATH/index.php(55): CodeIgniter\CodeIgniter->run()
 5 SYSTEMPATH/Commands/Server/rewrite.php(43): require_once('FCPATH/index.php')
ERROR - 2022-07-11 05:52:09 --> Reference 'mapel' not supported (forward reference in item list)
CRITICAL - 2022-07-11 05:52:09 --> Reference 'mapel' not supported (forward reference in item list)
in SYSTEMPATH/Database/MySQLi/Connection.php on line 292.
 1 SYSTEMPATH/Database/MySQLi/Connection.php(292): mysqli->query()
 2 SYSTEMPATH/Database/BaseConnection.php(695): CodeIgniter\Database\MySQLi\Connection->execute()
 3 SYSTEMPATH/Database/BaseConnection.php(609): CodeIgniter\Database\BaseConnection->simpleQuery()
 4 APPPATH/Controllers/Siswa.php(22): CodeIgniter\Database\BaseConnection->query()
 5 SYSTEMPATH/CodeIgniter.php(896): App\Controllers\Siswa->index()
 6 SYSTEMPATH/CodeIgniter.php(466): CodeIgniter\CodeIgniter->runController()
 7 SYSTEMPATH/CodeIgniter.php(349): CodeIgniter\CodeIgniter->handleRequest()
 8 FCPATH/index.php(55): CodeIgniter\CodeIgniter->run()
 9 SYSTEMPATH/Commands/Server/rewrite.php(43): require_once('FCPATH/index.php')
ERROR - 2022-07-11 05:52:45 --> Reference 'mapel' not supported (forward reference in item list)
CRITICAL - 2022-07-11 05:52:45 --> Reference 'mapel' not supported (forward reference in item list)
in SYSTEMPATH/Database/MySQLi/Connection.php on line 292.
 1 SYSTEMPATH/Database/MySQLi/Connection.php(292): mysqli->query()
 2 SYSTEMPATH/Database/BaseConnection.php(695): CodeIgniter\Database\MySQLi\Connection->execute()
 3 SYSTEMPATH/Database/BaseConnection.php(609): CodeIgniter\Database\BaseConnection->simpleQuery()
 4 APPPATH/Controllers/Siswa.php(22): CodeIgniter\Database\BaseConnection->query()
 5 SYSTEMPATH/CodeIgniter.php(896): App\Controllers\Siswa->index()
 6 SYSTEMPATH/CodeIgniter.php(466): CodeIgniter\CodeIgniter->runController()
 7 SYSTEMPATH/CodeIgniter.php(349): CodeIgniter\CodeIgniter->handleRequest()
 8 FCPATH/index.php(55): CodeIgniter\CodeIgniter->run()
 9 SYSTEMPATH/Commands/Server/rewrite.php(43): require_once('FCPATH/index.php')
CRITICAL - 2022-07-11 06:06:53 --> Undefined property: stdClass::$mapel
in APPPATH/Views/siswa/index.php on line 52.
 1 APPPATH/Views/siswa/index.php(52): CodeIgniter\Debug\Exceptions->errorHandler()
 2 SYSTEMPATH/View/View.php(213): include('APPPATH/Views/siswa/index.php')
 3 SYSTEMPATH/View/View.php(216): CodeIgniter\View\View->CodeIgniter\View\{closure}()
 4 SYSTEMPATH/Common.php(1135): CodeIgniter\View\View->render()
 5 APPPATH/Controllers/Siswa.php(32): view()
 6 SYSTEMPATH/CodeIgniter.php(896): App\Controllers\Siswa->index()
 7 SYSTEMPATH/CodeIgniter.php(466): CodeIgniter\CodeIgniter->runController()
 8 SYSTEMPATH/CodeIgniter.php(349): CodeIgniter\CodeIgniter->handleRequest()
 9 FCPATH/index.php(55): CodeIgniter\CodeIgniter->run()
10 SYSTEMPATH/Commands/Server/rewrite.php(43): require_once('FCPATH/index.php')
CRITICAL - 2022-07-11 06:08:00 --> Undefined property: stdClass::$mapel
in APPPATH/Views/siswa/index.php on line 52.
 1 APPPATH/Views/siswa/index.php(52): CodeIgniter\Debug\Exceptions->errorHandler()
 2 SYSTEMPATH/View/View.php(213): include('APPPATH/Views/siswa/index.php')
 3 SYSTEMPATH/View/View.php(216): CodeIgniter\View\View->CodeIgniter\View\{closure}()
 4 SYSTEMPATH/Common.php(1135): CodeIgniter\View\View->render()
 5 APPPATH/Controllers/Siswa.php(32): view()
 6 SYSTEMPATH/CodeIgniter.php(896): App\Controllers\Siswa->index()
 7 SYSTEMPATH/CodeIgniter.php(466): CodeIgniter\CodeIgniter->runController()
 8 SYSTEMPATH/CodeIgniter.php(349): CodeIgniter\CodeIgniter->handleRequest()
 9 FCPATH/index.php(55): CodeIgniter\CodeIgniter->run()
10 SYSTEMPATH/Commands/Server/rewrite.php(43): require_once('FCPATH/index.php')
CRITICAL - 2022-07-11 06:08:00 --> Undefined property: stdClass::$mapel
in APPPATH/Views/siswa/index.php on line 52.
 1 APPPATH/Views/siswa/index.php(52): CodeIgniter\Debug\Exceptions->errorHandler()
 2 SYSTEMPATH/View/View.php(213): include('APPPATH/Views/siswa/index.php')
 3 SYSTEMPATH/View/View.php(216): CodeIgniter\View\View->CodeIgniter\View\{closure}()
 4 SYSTEMPATH/Common.php(1135): CodeIgniter\View\View->render()
 5 APPPATH/Controllers/Siswa.php(32): view()
 6 SYSTEMPATH/CodeIgniter.php(896): App\Controllers\Siswa->index()
 7 SYSTEMPATH/CodeIgniter.php(466): CodeIgniter\CodeIgniter->runController()
 8 SYSTEMPATH/CodeIgniter.php(349): CodeIgniter\CodeIgniter->handleRequest()
 9 FCPATH/index.php(55): CodeIgniter\CodeIgniter->run()
10 SYSTEMPATH/Commands/Server/rewrite.php(43): require_once('FCPATH/index.php')
CRITICAL - 2022-07-11 06:08:01 --> Undefined property: stdClass::$mapel
in APPPATH/Views/siswa/index.php on line 52.
 1 APPPATH/Views/siswa/index.php(52): CodeIgniter\Debug\Exceptions->errorHandler()
 2 SYSTEMPATH/View/View.php(213): include('APPPATH/Views/siswa/index.php')
 3 SYSTEMPATH/View/View.php(216): CodeIgniter\View\View->CodeIgniter\View\{closure}()
 4 SYSTEMPATH/Common.php(1135): CodeIgniter\View\View->render()
 5 APPPATH/Controllers/Siswa.php(32): view()
 6 SYSTEMPATH/CodeIgniter.php(896): App\Controllers\Siswa->index()
 7 SYSTEMPATH/CodeIgniter.php(466): CodeIgniter\CodeIgniter->runController()
 8 SYSTEMPATH/CodeIgniter.php(349): CodeIgniter\CodeIgniter->handleRequest()
 9 FCPATH/index.php(55): CodeIgniter\CodeIgniter->run()
10 SYSTEMPATH/Commands/Server/rewrite.php(43): require_once('FCPATH/index.php')
CRITICAL - 2022-07-11 06:08:01 --> Undefined property: stdClass::$mapel
in APPPATH/Views/siswa/index.php on line 52.
 1 APPPATH/Views/siswa/index.php(52): CodeIgniter\Debug\Exceptions->errorHandler()
 2 SYSTEMPATH/View/View.php(213): include('APPPATH/Views/siswa/index.php')
 3 SYSTEMPATH/View/View.php(216): CodeIgniter\View\View->CodeIgniter\View\{closure}()
 4 SYSTEMPATH/Common.php(1135): CodeIgniter\View\View->render()
 5 APPPATH/Controllers/Siswa.php(32): view()
 6 SYSTEMPATH/CodeIgniter.php(896): App\Controllers\Siswa->index()
 7 SYSTEMPATH/CodeIgniter.php(466): CodeIgniter\CodeIgniter->runController()
 8 SYSTEMPATH/CodeIgniter.php(349): CodeIgniter\CodeIgniter->handleRequest()
 9 FCPATH/index.php(55): CodeIgniter\CodeIgniter->run()
10 SYSTEMPATH/Commands/Server/rewrite.php(43): require_once('FCPATH/index.php')
CRITICAL - 2022-07-11 06:08:26 --> Undefined property: stdClass::$mapel
in APPPATH/Views/siswa/index.php on line 52.
 1 APPPATH/Views/siswa/index.php(52): CodeIgniter\Debug\Exceptions->errorHandler()
 2 SYSTEMPATH/View/View.php(213): include('APPPATH/Views/siswa/index.php')
 3 SYSTEMPATH/View/View.php(216): CodeIgniter\View\View->CodeIgniter\View\{closure}()
 4 SYSTEMPATH/Common.php(1135): CodeIgniter\View\View->render()
 5 APPPATH/Controllers/Siswa.php(32): view()
 6 SYSTEMPATH/CodeIgniter.php(896): App\Controllers\Siswa->index()
 7 SYSTEMPATH/CodeIgniter.php(466): CodeIgniter\CodeIgniter->runController()
 8 SYSTEMPATH/CodeIgniter.php(349): CodeIgniter\CodeIgniter->handleRequest()
 9 FCPATH/index.php(55): CodeIgniter\CodeIgniter->run()
10 SYSTEMPATH/Commands/Server/rewrite.php(43): require_once('FCPATH/index.php')
ERROR - 2022-07-11 06:10:52 --> Table 'veteran.tbl_soal' doesn't exist
CRITICAL - 2022-07-11 06:10:52 --> Table 'veteran.tbl_soal' doesn't exist
in SYSTEMPATH/Database/MySQLi/Connection.php on line 292.
 1 SYSTEMPATH/Database/MySQLi/Connection.php(292): mysqli->query()
 2 SYSTEMPATH/Database/BaseConnection.php(695): CodeIgniter\Database\MySQLi\Connection->execute()
 3 SYSTEMPATH/Database/BaseConnection.php(609): CodeIgniter\Database\BaseConnection->simpleQuery()
 4 SYSTEMPATH/Database/BaseBuilder.php(1585): CodeIgniter\Database\BaseConnection->query()
 5 APPPATH/Controllers/Ulangan.php(10): CodeIgniter\Database\BaseBuilder->get()
 6 SYSTEMPATH/CodeIgniter.php(896): App\Controllers\Ulangan->kerjakan()
 7 SYSTEMPATH/CodeIgniter.php(466): CodeIgniter\CodeIgniter->runController()
 8 SYSTEMPATH/CodeIgniter.php(349): CodeIgniter\CodeIgniter->handleRequest()
 9 FCPATH/index.php(55): CodeIgniter\CodeIgniter->run()
10 SYSTEMPATH/Commands/Server/rewrite.php(43): require_once('FCPATH/index.php')
ERROR - 2022-07-11 06:13:05 --> Table 'veteran.tbl_soal' doesn't exist
CRITICAL - 2022-07-11 06:13:05 --> Table 'veteran.tbl_soal' doesn't exist
in SYSTEMPATH/Database/MySQLi/Connection.php on line 292.
 1 SYSTEMPATH/Database/MySQLi/Connection.php(292): mysqli->query()
 2 SYSTEMPATH/Database/BaseConnection.php(695): CodeIgniter\Database\MySQLi\Connection->execute()
 3 SYSTEMPATH/Database/BaseConnection.php(609): CodeIgniter\Database\BaseConnection->simpleQuery()
 4 SYSTEMPATH/Database/BaseBuilder.php(1585): CodeIgniter\Database\BaseConnection->query()
 5 APPPATH/Controllers/Ulangan.php(10): CodeIgniter\Database\BaseBuilder->get()
 6 SYSTEMPATH/CodeIgniter.php(896): App\Controllers\Ulangan->kerjakan()
 7 SYSTEMPATH/CodeIgniter.php(466): CodeIgniter\CodeIgniter->runController()
 8 SYSTEMPATH/CodeIgniter.php(349): CodeIgniter\CodeIgniter->handleRequest()
 9 FCPATH/index.php(55): CodeIgniter\CodeIgniter->run()
10 SYSTEMPATH/Commands/Server/rewrite.php(43): require_once('FCPATH/index.php')
CRITICAL - 2022-07-11 06:14:50 --> Invalid file: ulangan.php
in SYSTEMPATH/Exceptions/FrameworkException.php on line 33.
 1 SYSTEMPATH/View/View.php(201): CodeIgniter\Exceptions\FrameworkException::forInvalidFile()
 2 SYSTEMPATH/Common.php(1135): CodeIgniter\View\View->render()
 3 APPPATH/Controllers/Ulangan.php(12): view()
 4 SYSTEMPATH/CodeIgniter.php(896): App\Controllers\Ulangan->kerjakan()
 5 SYSTEMPATH/CodeIgniter.php(466): CodeIgniter\CodeIgniter->runController()
 6 SYSTEMPATH/CodeIgniter.php(349): CodeIgniter\CodeIgniter->handleRequest()
 7 FCPATH/index.php(55): CodeIgniter\CodeIgniter->run()
 8 SYSTEMPATH/Commands/Server/rewrite.php(43): require_once('FCPATH/index.php')
CRITICAL - 2022-07-11 06:15:00 --> Undefined variable $siswa
in APPPATH/Views/ulangan/kerjakan.php on line 6.
 1 APPPATH/Views/ulangan/kerjakan.php(6): CodeIgniter\Debug\Exceptions->errorHandler()
 2 SYSTEMPATH/View/View.php(213): include('APPPATH/Views/ulangan/kerjakan.php')
 3 SYSTEMPATH/View/View.php(216): CodeIgniter\View\View->CodeIgniter\View\{closure}()
 4 SYSTEMPATH/Common.php(1135): CodeIgniter\View\View->render()
 5 APPPATH/Controllers/Ulangan.php(12): view()
 6 SYSTEMPATH/CodeIgniter.php(896): App\Controllers\Ulangan->kerjakan()
 7 SYSTEMPATH/CodeIgniter.php(466): CodeIgniter\CodeIgniter->runController()
 8 SYSTEMPATH/CodeIgniter.php(349): CodeIgniter\CodeIgniter->handleRequest()
 9 FCPATH/index.php(55): CodeIgniter\CodeIgniter->run()
10 SYSTEMPATH/Commands/Server/rewrite.php(43): require_once('FCPATH/index.php')
CRITICAL - 2022-07-11 06:23:32 --> Too few arguments to function App\Controllers\Ulangan::kerjakan(), 0 passed in /home/nirmala-std/Documents/sistem-login/system/CodeIgniter.php on line 896 and exactly 2 expected
in APPPATH/Controllers/Ulangan.php on line 7.
 1 SYSTEMPATH/CodeIgniter.php(896): App\Controllers\Ulangan->kerjakan()
 2 SYSTEMPATH/CodeIgniter.php(466): CodeIgniter\CodeIgniter->runController()
 3 SYSTEMPATH/CodeIgniter.php(349): CodeIgniter\CodeIgniter->handleRequest()
 4 FCPATH/index.php(55): CodeIgniter\CodeIgniter->run()
 5 SYSTEMPATH/Commands/Server/rewrite.php(43): require_once('FCPATH/index.php')
ERROR - 2022-07-11 06:25:16 --> Unknown column 'id_kelas' in 'where clause'
CRITICAL - 2022-07-11 06:25:16 --> Unknown column 'id_kelas' in 'where clause'
in SYSTEMPATH/Database/MySQLi/Connection.php on line 292.
 1 SYSTEMPATH/Database/MySQLi/Connection.php(292): mysqli->query()
 2 SYSTEMPATH/Database/BaseConnection.php(695): CodeIgniter\Database\MySQLi\Connection->execute()
 3 SYSTEMPATH/Database/BaseConnection.php(609): CodeIgniter\Database\BaseConnection->simpleQuery()
 4 SYSTEMPATH/Database/BaseBuilder.php(1585): CodeIgniter\Database\BaseConnection->query()
 5 APPPATH/Controllers/Ulangan.php(10): CodeIgniter\Database\BaseBuilder->get()
 6 SYSTEMPATH/CodeIgniter.php(896): App\Controllers\Ulangan->kerjakan()
 7 SYSTEMPATH/CodeIgniter.php(466): CodeIgniter\CodeIgniter->runController()
 8 SYSTEMPATH/CodeIgniter.php(349): CodeIgniter\CodeIgniter->handleRequest()
 9 FCPATH/index.php(55): CodeIgniter\CodeIgniter->run()
10 SYSTEMPATH/Commands/Server/rewrite.php(43): require_once('FCPATH/index.php')
CRITICAL - 2022-07-11 06:25:49 --> Undefined variable $siswa
in APPPATH/Views/ulangan/kerjakan.php on line 6.
 1 APPPATH/Views/ulangan/kerjakan.php(6): CodeIgniter\Debug\Exceptions->errorHandler()
 2 SYSTEMPATH/View/View.php(213): include('APPPATH/Views/ulangan/kerjakan.php')
 3 SYSTEMPATH/View/View.php(216): CodeIgniter\View\View->CodeIgniter\View\{closure}()
 4 SYSTEMPATH/Common.php(1135): CodeIgniter\View\View->render()
 5 APPPATH/Controllers/Ulangan.php(12): view()
 6 SYSTEMPATH/CodeIgniter.php(896): App\Controllers\Ulangan->kerjakan()
 7 SYSTEMPATH/CodeIgniter.php(466): CodeIgniter\CodeIgniter->runController()
 8 SYSTEMPATH/CodeIgniter.php(349): CodeIgniter\CodeIgniter->handleRequest()
 9 FCPATH/index.php(55): CodeIgniter\CodeIgniter->run()
10 SYSTEMPATH/Commands/Server/rewrite.php(43): require_once('FCPATH/index.php')
CRITICAL - 2022-07-11 06:33:26 --> Undefined variable $siswa
in APPPATH/Views/siswa/template/topbar.php on line 28.
 1 APPPATH/Views/siswa/template/topbar.php(28): CodeIgniter\Debug\Exceptions->errorHandler()
 2 SYSTEMPATH/View/View.php(213): include('APPPATH/Views/siswa/template/topbar.php')
 3 SYSTEMPATH/View/View.php(216): CodeIgniter\View\View->CodeIgniter\View\{closure}()
 4 SYSTEMPATH/View/View.php(429): CodeIgniter\View\View->render()
 5 APPPATH/Views/siswa/template/index.php(26): CodeIgniter\View\View->include()
 6 SYSTEMPATH/View/View.php(213): include('APPPATH/Views/siswa/template/index.php')
 7 SYSTEMPATH/View/View.php(216): CodeIgniter\View\View->CodeIgniter\View\{closure}()
 8 SYSTEMPATH/View/View.php(229): CodeIgniter\View\View->render()
 9 SYSTEMPATH/Common.php(1135): CodeIgniter\View\View->render()
10 APPPATH/Controllers/Ulangan.php(13): view()
11 SYSTEMPATH/CodeIgniter.php(896): App\Controllers\Ulangan->kerjakan()
12 SYSTEMPATH/CodeIgniter.php(466): CodeIgniter\CodeIgniter->runController()
13 SYSTEMPATH/CodeIgniter.php(349): CodeIgniter\CodeIgniter->handleRequest()
14 FCPATH/index.php(55): CodeIgniter\CodeIgniter->run()
15 SYSTEMPATH/Commands/Server/rewrite.php(43): require_once('FCPATH/index.php')
CRITICAL - 2022-07-11 06:36:02 --> Undefined property: App\Controllers\Siswa::$data_use
in APPPATH/Controllers/Siswa.php on line 17.
 1 APPPATH/Controllers/Siswa.php(17): CodeIgniter\Debug\Exceptions->errorHandler()
 2 SYSTEMPATH/CodeIgniter.php(896): App\Controllers\Siswa->index()
 3 SYSTEMPATH/CodeIgniter.php(466): CodeIgniter\CodeIgniter->runController()
 4 SYSTEMPATH/CodeIgniter.php(349): CodeIgniter\CodeIgniter->handleRequest()
 5 FCPATH/index.php(55): CodeIgniter\CodeIgniter->run()
 6 SYSTEMPATH/Commands/Server/rewrite.php(43): require_once('FCPATH/index.php')
CRITICAL - 2022-07-11 06:36:03 --> Undefined property: App\Controllers\Siswa::$data_use
in APPPATH/Controllers/Siswa.php on line 17.
 1 APPPATH/Controllers/Siswa.php(17): CodeIgniter\Debug\Exceptions->errorHandler()
 2 SYSTEMPATH/CodeIgniter.php(896): App\Controllers\Siswa->index()
 3 SYSTEMPATH/CodeIgniter.php(466): CodeIgniter\CodeIgniter->runController()
 4 SYSTEMPATH/CodeIgniter.php(349): CodeIgniter\CodeIgniter->handleRequest()
 5 FCPATH/index.php(55): CodeIgniter\CodeIgniter->run()
 6 SYSTEMPATH/Commands/Server/rewrite.php(43): require_once('FCPATH/index.php')
CRITICAL - 2022-07-11 06:48:31 --> Attempt to read property "nama" on null
in APPPATH/Controllers/Siswa.php on line 17.
 1 APPPATH/Controllers/Siswa.php(17): CodeIgniter\Debug\Exceptions->errorHandler()
 2 SYSTEMPATH/CodeIgniter.php(896): App\Controllers\Siswa->index()
 3 SYSTEMPATH/CodeIgniter.php(466): CodeIgniter\CodeIgniter->runController()
 4 SYSTEMPATH/CodeIgniter.php(349): CodeIgniter\CodeIgniter->handleRequest()
 5 FCPATH/index.php(55): CodeIgniter\CodeIgniter->run()
 6 SYSTEMPATH/Commands/Server/rewrite.php(43): require_once('FCPATH/index.php')
CRITICAL - 2022-07-11 06:48:32 --> Attempt to read property "nama" on null
in APPPATH/Controllers/Siswa.php on line 17.
 1 APPPATH/Controllers/Siswa.php(17): CodeIgniter\Debug\Exceptions->errorHandler()
 2 SYSTEMPATH/CodeIgniter.php(896): App\Controllers\Siswa->index()
 3 SYSTEMPATH/CodeIgniter.php(466): CodeIgniter\CodeIgniter->runController()
 4 SYSTEMPATH/CodeIgniter.php(349): CodeIgniter\CodeIgniter->handleRequest()
 5 FCPATH/index.php(55): CodeIgniter\CodeIgniter->run()
 6 SYSTEMPATH/Commands/Server/rewrite.php(43): require_once('FCPATH/index.php')
CRITICAL - 2022-07-11 06:48:45 --> Attempt to read property "nama" on null
in APPPATH/Controllers/Siswa.php on line 17.
 1 APPPATH/Controllers/Siswa.php(17): CodeIgniter\Debug\Exceptions->errorHandler()
 2 SYSTEMPATH/CodeIgniter.php(896): App\Controllers\Siswa->index()
 3 SYSTEMPATH/CodeIgniter.php(466): CodeIgniter\CodeIgniter->runController()
 4 SYSTEMPATH/CodeIgniter.php(349): CodeIgniter\CodeIgniter->handleRequest()
 5 FCPATH/index.php(55): CodeIgniter\CodeIgniter->run()
 6 SYSTEMPATH/Commands/Server/rewrite.php(43): require_once('FCPATH/index.php')
CRITICAL - 2022-07-11 06:48:46 --> Attempt to read property "nama" on null
in APPPATH/Controllers/Siswa.php on line 17.
 1 APPPATH/Controllers/Siswa.php(17): CodeIgniter\Debug\Exceptions->errorHandler()
 2 SYSTEMPATH/CodeIgniter.php(896): App\Controllers\Siswa->index()
 3 SYSTEMPATH/CodeIgniter.php(466): CodeIgniter\CodeIgniter->runController()
 4 SYSTEMPATH/CodeIgniter.php(349): CodeIgniter\CodeIgniter->handleRequest()
 5 FCPATH/index.php(55): CodeIgniter\CodeIgniter->run()
 6 SYSTEMPATH/Commands/Server/rewrite.php(43): require_once('FCPATH/index.php')
CRITICAL - 2022-07-11 07:06:41 --> Too few arguments to function App\Controllers\Ulangan::kerjakan(), 0 passed in /home/nirmala-std/Documents/sistem-login/system/CodeIgniter.php on line 896 and exactly 2 expected
in APPPATH/Controllers/Ulangan.php on line 7.
 1 SYSTEMPATH/CodeIgniter.php(896): App\Controllers\Ulangan->kerjakan()
 2 SYSTEMPATH/CodeIgniter.php(466): CodeIgniter\CodeIgniter->runController()
 3 SYSTEMPATH/CodeIgniter.php(349): CodeIgniter\CodeIgniter->handleRequest()
 4 FCPATH/index.php(55): CodeIgniter\CodeIgniter->run()
 5 SYSTEMPATH/Commands/Server/rewrite.php(43): require_once('FCPATH/index.php')
CRITICAL - 2022-07-11 07:07:07 --> Too few arguments to function App\Controllers\Ulangan::kerjakan(), 0 passed in /home/nirmala-std/Documents/sistem-login/system/CodeIgniter.php on line 896 and exactly 2 expected
in APPPATH/Controllers/Ulangan.php on line 7.
 1 SYSTEMPATH/CodeIgniter.php(896): App\Controllers\Ulangan->kerjakan()
 2 SYSTEMPATH/CodeIgniter.php(466): CodeIgniter\CodeIgniter->runController()
 3 SYSTEMPATH/CodeIgniter.php(349): CodeIgniter\CodeIgniter->handleRequest()
 4 FCPATH/index.php(55): CodeIgniter\CodeIgniter->run()
 5 SYSTEMPATH/Commands/Server/rewrite.php(43): require_once('FCPATH/index.php')
CRITICAL - 2022-07-11 07:25:45 --> Too few arguments to function App\Controllers\Ulangan::hitung(), 0 passed in /home/nirmala-std/Documents/sistem-login/system/CodeIgniter.php on line 896 and exactly 2 expected
in APPPATH/Controllers/Ulangan.php on line 15.
 1 SYSTEMPATH/CodeIgniter.php(896): App\Controllers\Ulangan->hitung()
 2 SYSTEMPATH/CodeIgniter.php(466): CodeIgniter\CodeIgniter->runController()
 3 SYSTEMPATH/CodeIgniter.php(349): CodeIgniter\CodeIgniter->handleRequest()
 4 FCPATH/index.php(55): CodeIgniter\CodeIgniter->run()
 5 SYSTEMPATH/Commands/Server/rewrite.php(43): require_once('FCPATH/index.php')
CRITICAL - 2022-07-11 07:36:00 --> Undefined property: stdClass::$id
in APPPATH/Controllers/Ulangan.php on line 15.
 1 APPPATH/Controllers/Ulangan.php(15): CodeIgniter\Debug\Exceptions->errorHandler()
 2 SYSTEMPATH/CodeIgniter.php(896): App\Controllers\Ulangan->kerjakan()
 3 SYSTEMPATH/CodeIgniter.php(466): CodeIgniter\CodeIgniter->runController()
 4 SYSTEMPATH/CodeIgniter.php(349): CodeIgniter\CodeIgniter->handleRequest()
 5 FCPATH/index.php(55): CodeIgniter\CodeIgniter->run()
 6 SYSTEMPATH/Commands/Server/rewrite.php(43): require_once('FCPATH/index.php')
CRITICAL - 2022-07-11 07:38:06 --> Undefined variable $ul
in APPPATH/Views/ulangan/kerjakan.php on line 6.
 1 APPPATH/Views/ulangan/kerjakan.php(6): CodeIgniter\Debug\Exceptions->errorHandler()
 2 SYSTEMPATH/View/View.php(213): include('APPPATH/Views/ulangan/kerjakan.php')
 3 SYSTEMPATH/View/View.php(216): CodeIgniter\View\View->CodeIgniter\View\{closure}()
 4 SYSTEMPATH/Common.php(1135): CodeIgniter\View\View->render()
 5 APPPATH/Controllers/Ulangan.php(15): view()
 6 SYSTEMPATH/CodeIgniter.php(896): App\Controllers\Ulangan->kerjakan()
 7 SYSTEMPATH/CodeIgniter.php(466): CodeIgniter\CodeIgniter->runController()
 8 SYSTEMPATH/CodeIgniter.php(349): CodeIgniter\CodeIgniter->handleRequest()
 9 FCPATH/index.php(55): CodeIgniter\CodeIgniter->run()
10 SYSTEMPATH/Commands/Server/rewrite.php(43): require_once('FCPATH/index.php')
CRITICAL - 2022-07-11 07:38:07 --> Undefined variable $ul
in APPPATH/Views/ulangan/kerjakan.php on line 6.
 1 APPPATH/Views/ulangan/kerjakan.php(6): CodeIgniter\Debug\Exceptions->errorHandler()
 2 SYSTEMPATH/View/View.php(213): include('APPPATH/Views/ulangan/kerjakan.php')
 3 SYSTEMPATH/View/View.php(216): CodeIgniter\View\View->CodeIgniter\View\{closure}()
 4 SYSTEMPATH/Common.php(1135): CodeIgniter\View\View->render()
 5 APPPATH/Controllers/Ulangan.php(15): view()
 6 SYSTEMPATH/CodeIgniter.php(896): App\Controllers\Ulangan->kerjakan()
 7 SYSTEMPATH/CodeIgniter.php(466): CodeIgniter\CodeIgniter->runController()
 8 SYSTEMPATH/CodeIgniter.php(349): CodeIgniter\CodeIgniter->handleRequest()
 9 FCPATH/index.php(55): CodeIgniter\CodeIgniter->run()
10 SYSTEMPATH/Commands/Server/rewrite.php(43): require_once('FCPATH/index.php')
CRITICAL - 2022-07-11 07:38:08 --> Undefined variable $ul
in APPPATH/Views/ulangan/kerjakan.php on line 6.
 1 APPPATH/Views/ulangan/kerjakan.php(6): CodeIgniter\Debug\Exceptions->errorHandler()
 2 SYSTEMPATH/View/View.php(213): include('APPPATH/Views/ulangan/kerjakan.php')
 3 SYSTEMPATH/View/View.php(216): CodeIgniter\View\View->CodeIgniter\View\{closure}()
 4 SYSTEMPATH/Common.php(1135): CodeIgniter\View\View->render()
 5 APPPATH/Controllers/Ulangan.php(15): view()
 6 SYSTEMPATH/CodeIgniter.php(896): App\Controllers\Ulangan->kerjakan()
 7 SYSTEMPATH/CodeIgniter.php(466): CodeIgniter\CodeIgniter->runController()
 8 SYSTEMPATH/CodeIgniter.php(349): CodeIgniter\CodeIgniter->handleRequest()
 9 FCPATH/index.php(55): CodeIgniter\CodeIgniter->run()
10 SYSTEMPATH/Commands/Server/rewrite.php(43): require_once('FCPATH/index.php')
CRITICAL - 2022-07-11 07:38:09 --> Undefined variable $ul
in APPPATH/Views/ulangan/kerjakan.php on line 6.
 1 APPPATH/Views/ulangan/kerjakan.php(6): CodeIgniter\Debug\Exceptions->errorHandler()
 2 SYSTEMPATH/View/View.php(213): include('APPPATH/Views/ulangan/kerjakan.php')
 3 SYSTEMPATH/View/View.php(216): CodeIgniter\View\View->CodeIgniter\View\{closure}()
 4 SYSTEMPATH/Common.php(1135): CodeIgniter\View\View->render()
 5 APPPATH/Controllers/Ulangan.php(15): view()
 6 SYSTEMPATH/CodeIgniter.php(896): App\Controllers\Ulangan->kerjakan()
 7 SYSTEMPATH/CodeIgniter.php(466): CodeIgniter\CodeIgniter->runController()
 8 SYSTEMPATH/CodeIgniter.php(349): CodeIgniter\CodeIgniter->handleRequest()
 9 FCPATH/index.php(55): CodeIgniter\CodeIgniter->run()
10 SYSTEMPATH/Commands/Server/rewrite.php(43): require_once('FCPATH/index.php')
CRITICAL - 2022-07-11 07:38:35 --> Attempt to read property "id_kelas" on array
in APPPATH/Views/ulangan/kerjakan.php on line 6.
 1 APPPATH/Views/ulangan/kerjakan.php(6): CodeIgniter\Debug\Exceptions->errorHandler()
 2 SYSTEMPATH/View/View.php(213): include('APPPATH/Views/ulangan/kerjakan.php')
 3 SYSTEMPATH/View/View.php(216): CodeIgniter\View\View->CodeIgniter\View\{closure}()
 4 SYSTEMPATH/Common.php(1135): CodeIgniter\View\View->render()
 5 APPPATH/Controllers/Ulangan.php(15): view()
 6 SYSTEMPATH/CodeIgniter.php(896): App\Controllers\Ulangan->kerjakan()
 7 SYSTEMPATH/CodeIgniter.php(466): CodeIgniter\CodeIgniter->runController()
 8 SYSTEMPATH/CodeIgniter.php(349): CodeIgniter\CodeIgniter->handleRequest()
 9 FCPATH/index.php(55): CodeIgniter\CodeIgniter->run()
10 SYSTEMPATH/Commands/Server/rewrite.php(43): require_once('FCPATH/index.php')
