ERROR - 2022-07-07 11:03:04 --> Unknown column 'username' in 'where clause'
CRITICAL - 2022-07-07 11:03:04 --> Unknown column 'username' in 'where clause'
in SYSTEMPATH\Database\MySQLi\Connection.php on line 292.
 1 SYSTEMPATH\Database\MySQLi\Connection.php(292): mysqli->query('SELECT *
FROM `guru`
WHERE `username` = \'123\'', 0)
 2 SYSTEMPATH\Database\BaseConnection.php(695): CodeIgniter\Database\MySQLi\Connection->execute('SELECT *
FROM `guru`
WHERE `username` = \'123\'')
 3 SYSTEMPATH\Database\BaseConnection.php(609): CodeIgniter\Database\BaseConnection->simpleQuery('SELECT *
FROM `guru`
WHERE `username` = \'123\'')
 4 SYSTEMPATH\Database\BaseBuilder.php(1585): CodeIgniter\Database\BaseConnection->query('SELECT *
FROM `guru`
WHERE `username` = :username:', [...], false)
 5 APPPATH\Controllers\Admin.php(125): CodeIgniter\Database\BaseBuilder->get()
 6 SYSTEMPATH\CodeIgniter.php(896): App\Controllers\Admin->simpanGuru()
 7 SYSTEMPATH\CodeIgniter.php(466): CodeIgniter\CodeIgniter->runController(Object(App\Controllers\Admin))
 8 SYSTEMPATH\CodeIgniter.php(349): CodeIgniter\CodeIgniter->handleRequest(null, Object(Config\Cache), false)
 9 FCPATH\index.php(55): CodeIgniter\CodeIgniter->run()
10 SYSTEMPATH\Commands\Server\rewrite.php(43): require_once('FCPATH\\index.php')
CRITICAL - 2022-07-07 11:14:44 --> Call to undefined method App\Models\ModelAuth::guru
in SYSTEMPATH\Model.php on line 773.
 1 APPPATH\Controllers\Admin.php(132): CodeIgniter\Model->__call('guru', [...])
 2 SYSTEMPATH\CodeIgniter.php(896): App\Controllers\Admin->simpanGuru()
 3 SYSTEMPATH\CodeIgniter.php(466): CodeIgniter\CodeIgniter->runController(Object(App\Controllers\Admin))
 4 SYSTEMPATH\CodeIgniter.php(349): CodeIgniter\CodeIgniter->handleRequest(null, Object(Config\Cache), false)
 5 FCPATH\index.php(55): CodeIgniter\CodeIgniter->run()
 6 SYSTEMPATH\Commands\Server\rewrite.php(43): require_once('FCPATH\\index.php')
CRITICAL - 2022-07-07 11:17:37 --> Call to undefined method App\Models\ModelAuth::guru
in SYSTEMPATH\Model.php on line 773.
 1 APPPATH\Controllers\Admin.php(132): CodeIgniter\Model->__call('guru', [...])
 2 SYSTEMPATH\CodeIgniter.php(896): App\Controllers\Admin->simpanGuru()
 3 SYSTEMPATH\CodeIgniter.php(466): CodeIgniter\CodeIgniter->runController(Object(App\Controllers\Admin))
 4 SYSTEMPATH\CodeIgniter.php(349): CodeIgniter\CodeIgniter->handleRequest(null, Object(Config\Cache), false)
 5 FCPATH\index.php(55): CodeIgniter\CodeIgniter->run()
 6 SYSTEMPATH\Commands\Server\rewrite.php(43): require_once('FCPATH\\index.php')
CRITICAL - 2022-07-07 11:41:11 --> Undefined variable: mapel
in APPPATH\Views\admin\siswa\edit.php on line 41.
 1 APPPATH\Views\admin\siswa\edit.php(41): CodeIgniter\Debug\Exceptions->errorHandler(8, 'Undefined variable: mapel', 'APPPATH\\Views\\admin\\siswa\\edit.php', 41, [...])
 2 SYSTEMPATH\View\View.php(213): include('APPPATH\\Views\\admin\\siswa\\edit.php')
 3 SYSTEMPATH\View\View.php(216): CodeIgniter\View\View->CodeIgniter\View\{closure}()
 4 SYSTEMPATH\Common.php(1135): CodeIgniter\View\View->render('admin/siswa/edit', [], true)
 5 APPPATH\Controllers\Admin.php(504): view('admin/siswa/edit', [...])
 6 SYSTEMPATH\CodeIgniter.php(896): App\Controllers\Admin->editsiswa('2')
 7 SYSTEMPATH\CodeIgniter.php(466): CodeIgniter\CodeIgniter->runController(Object(App\Controllers\Admin))
 8 SYSTEMPATH\CodeIgniter.php(349): CodeIgniter\CodeIgniter->handleRequest(null, Object(Config\Cache), false)
 9 FCPATH\index.php(55): CodeIgniter\CodeIgniter->run()
10 SYSTEMPATH\Commands\Server\rewrite.php(43): require_once('FCPATH\\index.php')
CRITICAL - 2022-07-07 11:41:38 --> Undefined variable: mapel
in APPPATH\Views\admin\siswa\edit.php on line 47.
 1 APPPATH\Views\admin\siswa\edit.php(47): CodeIgniter\Debug\Exceptions->errorHandler(8, 'Undefined variable: mapel', 'APPPATH\\Views\\admin\\siswa\\edit.php', 47, [...])
 2 SYSTEMPATH\View\View.php(213): include('APPPATH\\Views\\admin\\siswa\\edit.php')
 3 SYSTEMPATH\View\View.php(216): CodeIgniter\View\View->CodeIgniter\View\{closure}()
 4 SYSTEMPATH\Common.php(1135): CodeIgniter\View\View->render('admin/siswa/edit', [], true)
 5 APPPATH\Controllers\Admin.php(504): view('admin/siswa/edit', [...])
 6 SYSTEMPATH\CodeIgniter.php(896): App\Controllers\Admin->editsiswa('2')
 7 SYSTEMPATH\CodeIgniter.php(466): CodeIgniter\CodeIgniter->runController(Object(App\Controllers\Admin))
 8 SYSTEMPATH\CodeIgniter.php(349): CodeIgniter\CodeIgniter->handleRequest(null, Object(Config\Cache), false)
 9 FCPATH\index.php(55): CodeIgniter\CodeIgniter->run()
10 SYSTEMPATH\Commands\Server\rewrite.php(43): require_once('FCPATH\\index.php')
CRITICAL - 2022-07-07 11:41:53 --> Undefined variable: mapel
in APPPATH\Views\admin\siswa\edit.php on line 47.
 1 APPPATH\Views\admin\siswa\edit.php(47): CodeIgniter\Debug\Exceptions->errorHandler(8, 'Undefined variable: mapel', 'APPPATH\\Views\\admin\\siswa\\edit.php', 47, [...])
 2 SYSTEMPATH\View\View.php(213): include('APPPATH\\Views\\admin\\siswa\\edit.php')
 3 SYSTEMPATH\View\View.php(216): CodeIgniter\View\View->CodeIgniter\View\{closure}()
 4 SYSTEMPATH\Common.php(1135): CodeIgniter\View\View->render('admin/siswa/edit', [], true)
 5 APPPATH\Controllers\Admin.php(504): view('admin/siswa/edit', [...])
 6 SYSTEMPATH\CodeIgniter.php(896): App\Controllers\Admin->editsiswa('2')
 7 SYSTEMPATH\CodeIgniter.php(466): CodeIgniter\CodeIgniter->runController(Object(App\Controllers\Admin))
 8 SYSTEMPATH\CodeIgniter.php(349): CodeIgniter\CodeIgniter->handleRequest(null, Object(Config\Cache), false)
 9 FCPATH\index.php(55): CodeIgniter\CodeIgniter->run()
10 SYSTEMPATH\Commands\Server\rewrite.php(43): require_once('FCPATH\\index.php')
CRITICAL - 2022-07-07 11:41:54 --> Undefined variable: mapel
in APPPATH\Views\admin\siswa\edit.php on line 47.
 1 APPPATH\Views\admin\siswa\edit.php(47): CodeIgniter\Debug\Exceptions->errorHandler(8, 'Undefined variable: mapel', 'APPPATH\\Views\\admin\\siswa\\edit.php', 47, [...])
 2 SYSTEMPATH\View\View.php(213): include('APPPATH\\Views\\admin\\siswa\\edit.php')
 3 SYSTEMPATH\View\View.php(216): CodeIgniter\View\View->CodeIgniter\View\{closure}()
 4 SYSTEMPATH\Common.php(1135): CodeIgniter\View\View->render('admin/siswa/edit', [], true)
 5 APPPATH\Controllers\Admin.php(504): view('admin/siswa/edit', [...])
 6 SYSTEMPATH\CodeIgniter.php(896): App\Controllers\Admin->editsiswa('2')
 7 SYSTEMPATH\CodeIgniter.php(466): CodeIgniter\CodeIgniter->runController(Object(App\Controllers\Admin))
 8 SYSTEMPATH\CodeIgniter.php(349): CodeIgniter\CodeIgniter->handleRequest(null, Object(Config\Cache), false)
 9 FCPATH\index.php(55): CodeIgniter\CodeIgniter->run()
10 SYSTEMPATH\Commands\Server\rewrite.php(43): require_once('FCPATH\\index.php')
CRITICAL - 2022-07-07 11:42:18 --> Undefined property: stdClass::$nama_mapel
in APPPATH\Views\admin\siswa\edit.php on line 47.
 1 APPPATH\Views\admin\siswa\edit.php(47): CodeIgniter\Debug\Exceptions->errorHandler(8, 'Undefined property: stdClass::$nama_mapel', 'APPPATH\\Views\\admin\\siswa\\edit.php', 47, [...])
 2 SYSTEMPATH\View\View.php(213): include('APPPATH\\Views\\admin\\siswa\\edit.php')
 3 SYSTEMPATH\View\View.php(216): CodeIgniter\View\View->CodeIgniter\View\{closure}()
 4 SYSTEMPATH\Common.php(1135): CodeIgniter\View\View->render('admin/siswa/edit', [], true)
 5 APPPATH\Controllers\Admin.php(504): view('admin/siswa/edit', [...])
 6 SYSTEMPATH\CodeIgniter.php(896): App\Controllers\Admin->editsiswa('2')
 7 SYSTEMPATH\CodeIgniter.php(466): CodeIgniter\CodeIgniter->runController(Object(App\Controllers\Admin))
 8 SYSTEMPATH\CodeIgniter.php(349): CodeIgniter\CodeIgniter->handleRequest(null, Object(Config\Cache), false)
 9 FCPATH\index.php(55): CodeIgniter\CodeIgniter->run()
10 SYSTEMPATH\Commands\Server\rewrite.php(43): require_once('FCPATH\\index.php')
CRITICAL - 2022-07-07 11:42:52 --> Undefined property: stdClass::$nama_siswa
in APPPATH\Views\admin\siswa\edit.php on line 47.
 1 APPPATH\Views\admin\siswa\edit.php(47): CodeIgniter\Debug\Exceptions->errorHandler(8, 'Undefined property: stdClass::$nama_siswa', 'APPPATH\\Views\\admin\\siswa\\edit.php', 47, [...])
 2 SYSTEMPATH\View\View.php(213): include('APPPATH\\Views\\admin\\siswa\\edit.php')
 3 SYSTEMPATH\View\View.php(216): CodeIgniter\View\View->CodeIgniter\View\{closure}()
 4 SYSTEMPATH\Common.php(1135): CodeIgniter\View\View->render('admin/siswa/edit', [], true)
 5 APPPATH\Controllers\Admin.php(504): view('admin/siswa/edit', [...])
 6 SYSTEMPATH\CodeIgniter.php(896): App\Controllers\Admin->editsiswa('2')
 7 SYSTEMPATH\CodeIgniter.php(466): CodeIgniter\CodeIgniter->runController(Object(App\Controllers\Admin))
 8 SYSTEMPATH\CodeIgniter.php(349): CodeIgniter\CodeIgniter->handleRequest(null, Object(Config\Cache), false)
 9 FCPATH\index.php(55): CodeIgniter\CodeIgniter->run()
10 SYSTEMPATH\Commands\Server\rewrite.php(43): require_once('FCPATH\\index.php')
CRITICAL - 2022-07-07 11:46:32 --> Undefined property: stdClass::$username
in APPPATH\Views\admin\siswa\edit.php on line 47.
 1 APPPATH\Views\admin\siswa\edit.php(47): CodeIgniter\Debug\Exceptions->errorHandler(8, 'Undefined property: stdClass::$username', 'APPPATH\\Views\\admin\\siswa\\edit.php', 47, [...])
 2 SYSTEMPATH\View\View.php(213): include('APPPATH\\Views\\admin\\siswa\\edit.php')
 3 SYSTEMPATH\View\View.php(216): CodeIgniter\View\View->CodeIgniter\View\{closure}()
 4 SYSTEMPATH\Common.php(1135): CodeIgniter\View\View->render('admin/siswa/edit', [], true)
 5 APPPATH\Controllers\Admin.php(504): view('admin/siswa/edit', [...])
 6 SYSTEMPATH\CodeIgniter.php(896): App\Controllers\Admin->editsiswa('2')
 7 SYSTEMPATH\CodeIgniter.php(466): CodeIgniter\CodeIgniter->runController(Object(App\Controllers\Admin))
 8 SYSTEMPATH\CodeIgniter.php(349): CodeIgniter\CodeIgniter->handleRequest(null, Object(Config\Cache), false)
 9 FCPATH\index.php(55): CodeIgniter\CodeIgniter->run()
10 SYSTEMPATH\Commands\Server\rewrite.php(43): require_once('FCPATH\\index.php')
CRITICAL - 2022-07-07 18:33:05 --> Undefined property: stdClass::$username
in APPPATH\Views\admin\siswa\edit.php on line 47.
 1 APPPATH\Views\admin\siswa\edit.php(47): CodeIgniter\Debug\Exceptions->errorHandler(8, 'Undefined property: stdClass::$username', 'APPPATH\\Views\\admin\\siswa\\edit.php', 47, [...])
 2 SYSTEMPATH\View\View.php(213): include('APPPATH\\Views\\admin\\siswa\\edit.php')
 3 SYSTEMPATH\View\View.php(216): CodeIgniter\View\View->CodeIgniter\View\{closure}()
 4 SYSTEMPATH\Common.php(1135): CodeIgniter\View\View->render('admin/siswa/edit', [], true)
 5 APPPATH\Controllers\Admin.php(504): view('admin/siswa/edit', [...])
 6 SYSTEMPATH\CodeIgniter.php(896): App\Controllers\Admin->editsiswa('2')
 7 SYSTEMPATH\CodeIgniter.php(466): CodeIgniter\CodeIgniter->runController(Object(App\Controllers\Admin))
 8 SYSTEMPATH\CodeIgniter.php(349): CodeIgniter\CodeIgniter->handleRequest(null, Object(Config\Cache), false)
 9 FCPATH\index.php(55): CodeIgniter\CodeIgniter->run()
10 SYSTEMPATH\Commands\Server\rewrite.php(43): require_once('FCPATH\\index.php')
CRITICAL - 2022-07-07 18:34:02 --> Undefined property: stdClass::$username
in APPPATH\Views\admin\siswa\edit.php on line 47.
 1 APPPATH\Views\admin\siswa\edit.php(47): CodeIgniter\Debug\Exceptions->errorHandler(8, 'Undefined property: stdClass::$username', 'APPPATH\\Views\\admin\\siswa\\edit.php', 47, [...])
 2 SYSTEMPATH\View\View.php(213): include('APPPATH\\Views\\admin\\siswa\\edit.php')
 3 SYSTEMPATH\View\View.php(216): CodeIgniter\View\View->CodeIgniter\View\{closure}()
 4 SYSTEMPATH\Common.php(1135): CodeIgniter\View\View->render('admin/siswa/edit', [], true)
 5 APPPATH\Controllers\Admin.php(504): view('admin/siswa/edit', [...])
 6 SYSTEMPATH\CodeIgniter.php(896): App\Controllers\Admin->editsiswa('2')
 7 SYSTEMPATH\CodeIgniter.php(466): CodeIgniter\CodeIgniter->runController(Object(App\Controllers\Admin))
 8 SYSTEMPATH\CodeIgniter.php(349): CodeIgniter\CodeIgniter->handleRequest(null, Object(Config\Cache), false)
 9 FCPATH\index.php(55): CodeIgniter\CodeIgniter->run()
10 SYSTEMPATH\Commands\Server\rewrite.php(43): require_once('FCPATH\\index.php')
ERROR - 2022-07-07 20:51:02 --> Unknown column 'username' in 'where clause'
CRITICAL - 2022-07-07 20:51:02 --> Unknown column 'username' in 'where clause'
in SYSTEMPATH\Database\MySQLi\Connection.php on line 292.
 1 SYSTEMPATH\Database\MySQLi\Connection.php(292): mysqli->query('SELECT *
FROM `guru`
WHERE `username` = \'24\'', 0)
 2 SYSTEMPATH\Database\BaseConnection.php(695): CodeIgniter\Database\MySQLi\Connection->execute('SELECT *
FROM `guru`
WHERE `username` = \'24\'')
 3 SYSTEMPATH\Database\BaseConnection.php(609): CodeIgniter\Database\BaseConnection->simpleQuery('SELECT *
FROM `guru`
WHERE `username` = \'24\'')
 4 SYSTEMPATH\Database\BaseBuilder.php(1585): CodeIgniter\Database\BaseConnection->query('SELECT *
FROM `guru`
WHERE `username` = :username:', [...], false)
 5 APPPATH\Controllers\Admin.php(125): CodeIgniter\Database\BaseBuilder->get()
 6 SYSTEMPATH\CodeIgniter.php(896): App\Controllers\Admin->simpanGuru()
 7 SYSTEMPATH\CodeIgniter.php(466): CodeIgniter\CodeIgniter->runController(Object(App\Controllers\Admin))
 8 SYSTEMPATH\CodeIgniter.php(349): CodeIgniter\CodeIgniter->handleRequest(null, Object(Config\Cache), false)
 9 FCPATH\index.php(55): CodeIgniter\CodeIgniter->run()
10 SYSTEMPATH\Commands\Server\rewrite.php(43): require_once('FCPATH\\index.php')
CRITICAL - 2022-07-07 21:12:36 --> Invalid file: admin/guru/edit.php
in SYSTEMPATH\Exceptions\FrameworkException.php on line 33.
 1 SYSTEMPATH\View\View.php(201): CodeIgniter\Exceptions\FrameworkException::forInvalidFile('admin/guru/edit.php')
 2 SYSTEMPATH\Common.php(1135): CodeIgniter\View\View->render('admin/guru/edit', [], true)
 3 APPPATH\Controllers\Admin.php(545): view('admin/guru/edit', [...])
 4 SYSTEMPATH\CodeIgniter.php(896): App\Controllers\Admin->editGuru('1')
 5 SYSTEMPATH\CodeIgniter.php(466): CodeIgniter\CodeIgniter->runController(Object(App\Controllers\Admin))
 6 SYSTEMPATH\CodeIgniter.php(349): CodeIgniter\CodeIgniter->handleRequest(null, Object(Config\Cache), false)
 7 FCPATH\index.php(55): CodeIgniter\CodeIgniter->run()
 8 SYSTEMPATH\Commands\Server\rewrite.php(43): require_once('FCPATH\\index.php')
CRITICAL - 2022-07-07 21:13:43 --> Undefined variable: siswa
in APPPATH\Views\admin\guru\edit.php on line 41.
 1 APPPATH\Views\admin\guru\edit.php(41): CodeIgniter\Debug\Exceptions->errorHandler(8, 'Undefined variable: siswa', 'APPPATH\\Views\\admin\\guru\\edit.php', 41, [...])
 2 SYSTEMPATH\View\View.php(213): include('APPPATH\\Views\\admin\\guru\\edit.php')
 3 SYSTEMPATH\View\View.php(216): CodeIgniter\View\View->CodeIgniter\View\{closure}()
 4 SYSTEMPATH\Common.php(1135): CodeIgniter\View\View->render('admin/guru/edit', [], true)
 5 APPPATH\Controllers\Admin.php(545): view('admin/guru/edit', [...])
 6 SYSTEMPATH\CodeIgniter.php(896): App\Controllers\Admin->editGuru('1')
 7 SYSTEMPATH\CodeIgniter.php(466): CodeIgniter\CodeIgniter->runController(Object(App\Controllers\Admin))
 8 SYSTEMPATH\CodeIgniter.php(349): CodeIgniter\CodeIgniter->handleRequest(null, Object(Config\Cache), false)
 9 FCPATH\index.php(55): CodeIgniter\CodeIgniter->run()
10 SYSTEMPATH\Commands\Server\rewrite.php(43): require_once('FCPATH\\index.php')
