ERROR - 2022-07-08 13:49:51 --> Error connecting to the database: Connection refused
CRITICAL - 2022-07-08 13:49:51 --> Unable to connect to the database.
Main connection [MySQLi]: Connection refused
in SYSTEMPATH/Database/BaseConnection.php on line 416.
 1 SYSTEMPATH/Database/BaseConnection.php(586): CodeIgniter\Database\BaseConnection->initialize()
 2 SYSTEMPATH/Database/BaseBuilder.php(1585): CodeIgniter\Database\BaseConnection->query()
 3 APPPATH/Models/ModelAuth.php(28): CodeIgniter\Database\BaseBuilder->get()
 4 APPPATH/Controllers/Auth.php(132): App\Models\ModelAuth->login()
 5 SYSTEMPATH/CodeIgniter.php(896): App\Controllers\Auth->cekLogin()
 6 SYSTEMPATH/CodeIgniter.php(466): CodeIgniter\CodeIgniter->runController()
 7 SYSTEMPATH/CodeIgniter.php(349): CodeIgniter\CodeIgniter->handleRequest()
 8 FCPATH/index.php(55): CodeIgniter\CodeIgniter->run()
 9 SYSTEMPATH/Commands/Server/rewrite.php(43): require_once('FCPATH/index.php')
CRITICAL - 2022-07-08 14:04:51 --> Undefined property: App\Controllers\Admin::$ModelSiswa
in APPPATH/Controllers/Admin.php on line 85.
 1 APPPATH/Controllers/Admin.php(85): CodeIgniter\Debug\Exceptions->errorHandler()
 2 SYSTEMPATH/CodeIgniter.php(896): App\Controllers\Admin->simpanSiswa()
 3 SYSTEMPATH/CodeIgniter.php(466): CodeIgniter\CodeIgniter->runController()
 4 SYSTEMPATH/CodeIgniter.php(349): CodeIgniter\CodeIgniter->handleRequest()
 5 FCPATH/index.php(55): CodeIgniter\CodeIgniter->run()
 6 SYSTEMPATH/Commands/Server/rewrite.php(43): require_once('FCPATH/index.php')
CRITICAL - 2022-07-08 15:25:22 --> Undefined variable $jurusan
in APPPATH/Views/admin/siswa/tambah.php on line 56.
 1 APPPATH/Views/admin/siswa/tambah.php(56): CodeIgniter\Debug\Exceptions->errorHandler()
 2 SYSTEMPATH/View/View.php(213): include('APPPATH/Views/admin/siswa/tambah.php')
 3 SYSTEMPATH/View/View.php(216): CodeIgniter\View\View->CodeIgniter\View\{closure}()
 4 SYSTEMPATH/Common.php(1135): CodeIgniter\View\View->render()
 5 APPPATH/Controllers/Admin.php(168): view()
 6 SYSTEMPATH/CodeIgniter.php(896): App\Controllers\Admin->registerSiswa()
 7 SYSTEMPATH/CodeIgniter.php(466): CodeIgniter\CodeIgniter->runController()
 8 SYSTEMPATH/CodeIgniter.php(349): CodeIgniter\CodeIgniter->handleRequest()
 9 FCPATH/index.php(55): CodeIgniter\CodeIgniter->run()
10 SYSTEMPATH/Commands/Server/rewrite.php(43): require_once('FCPATH/index.php')
CRITICAL - 2022-07-08 15:31:54 --> Undefined variable $jurusan
in APPPATH/Views/admin/siswa/tambah.php on line 56.
 1 APPPATH/Views/admin/siswa/tambah.php(56): CodeIgniter\Debug\Exceptions->errorHandler()
 2 SYSTEMPATH/View/View.php(213): include('APPPATH/Views/admin/siswa/tambah.php')
 3 SYSTEMPATH/View/View.php(216): CodeIgniter\View\View->CodeIgniter\View\{closure}()
 4 SYSTEMPATH/Common.php(1135): CodeIgniter\View\View->render()
 5 APPPATH/Controllers/Admin.php(168): view()
 6 SYSTEMPATH/CodeIgniter.php(896): App\Controllers\Admin->registerSiswa()
 7 SYSTEMPATH/CodeIgniter.php(466): CodeIgniter\CodeIgniter->runController()
 8 SYSTEMPATH/CodeIgniter.php(349): CodeIgniter\CodeIgniter->handleRequest()
 9 FCPATH/index.php(55): CodeIgniter\CodeIgniter->run()
10 SYSTEMPATH/Commands/Server/rewrite.php(43): require_once('FCPATH/index.php')
CRITICAL - 2022-07-08 22:09:09 --> Undefined property: stdClass::$id_kelas
in APPPATH/Views/admin/kelas/index.php on line 91.
 1 APPPATH/Views/admin/kelas/index.php(91): CodeIgniter\Debug\Exceptions->errorHandler()
 2 SYSTEMPATH/View/View.php(213): include('APPPATH/Views/admin/kelas/index.php')
 3 SYSTEMPATH/View/View.php(216): CodeIgniter\View\View->CodeIgniter\View\{closure}()
 4 SYSTEMPATH/Common.php(1135): CodeIgniter\View\View->render()
 5 APPPATH/Controllers/Admin.php(395): view()
 6 SYSTEMPATH/CodeIgniter.php(896): App\Controllers\Admin->kelas()
 7 SYSTEMPATH/CodeIgniter.php(466): CodeIgniter\CodeIgniter->runController()
 8 SYSTEMPATH/CodeIgniter.php(349): CodeIgniter\CodeIgniter->handleRequest()
 9 FCPATH/index.php(55): CodeIgniter\CodeIgniter->run()
10 SYSTEMPATH/Commands/Server/rewrite.php(43): require_once('FCPATH/index.php')
CRITICAL - 2022-07-08 22:09:39 --> Undefined property: stdClass::$nama_kelas
in APPPATH/Views/admin/kelas/index.php on line 86.
 1 APPPATH/Views/admin/kelas/index.php(86): CodeIgniter\Debug\Exceptions->errorHandler()
 2 SYSTEMPATH/View/View.php(213): include('APPPATH/Views/admin/kelas/index.php')
 3 SYSTEMPATH/View/View.php(216): CodeIgniter\View\View->CodeIgniter\View\{closure}()
 4 SYSTEMPATH/Common.php(1135): CodeIgniter\View\View->render()
 5 APPPATH/Controllers/Admin.php(395): view()
 6 SYSTEMPATH/CodeIgniter.php(896): App\Controllers\Admin->kelas()
 7 SYSTEMPATH/CodeIgniter.php(466): CodeIgniter\CodeIgniter->runController()
 8 SYSTEMPATH/CodeIgniter.php(349): CodeIgniter\CodeIgniter->handleRequest()
 9 FCPATH/index.php(55): CodeIgniter\CodeIgniter->run()
10 SYSTEMPATH/Commands/Server/rewrite.php(43): require_once('FCPATH/index.php')
ERROR - 2022-07-08 22:11:34 --> Unknown column 'id_kelas' in 'where clause'
CRITICAL - 2022-07-08 22:11:34 --> Unknown column 'id_kelas' in 'where clause'
in SYSTEMPATH/Database/MySQLi/Connection.php on line 292.
 1 SYSTEMPATH/Database/MySQLi/Connection.php(292): mysqli->query()
 2 SYSTEMPATH/Database/BaseConnection.php(695): CodeIgniter\Database\MySQLi\Connection->execute()
 3 SYSTEMPATH/Database/BaseConnection.php(609): CodeIgniter\Database\BaseConnection->simpleQuery()
 4 SYSTEMPATH/Database/BaseBuilder.php(1718): CodeIgniter\Database\BaseConnection->query()
 5 APPPATH/Controllers/Admin.php(465): CodeIgniter\Database\BaseBuilder->getWhere()
 6 SYSTEMPATH/CodeIgniter.php(896): App\Controllers\Admin->editKelas()
 7 SYSTEMPATH/CodeIgniter.php(466): CodeIgniter\CodeIgniter->runController()
 8 SYSTEMPATH/CodeIgniter.php(349): CodeIgniter\CodeIgniter->handleRequest()
 9 FCPATH/index.php(55): CodeIgniter\CodeIgniter->run()
10 SYSTEMPATH/Commands/Server/rewrite.php(43): require_once('FCPATH/index.php')
ERROR - 2022-07-08 22:12:21 --> Unknown column 'id_kelas' in 'where clause'
CRITICAL - 2022-07-08 22:12:21 --> Unknown column 'id_kelas' in 'where clause'
in SYSTEMPATH/Database/MySQLi/Connection.php on line 292.
 1 SYSTEMPATH/Database/MySQLi/Connection.php(292): mysqli->query()
 2 SYSTEMPATH/Database/BaseConnection.php(695): CodeIgniter\Database\MySQLi\Connection->execute()
 3 SYSTEMPATH/Database/BaseConnection.php(609): CodeIgniter\Database\BaseConnection->simpleQuery()
 4 SYSTEMPATH/Database/BaseBuilder.php(1718): CodeIgniter\Database\BaseConnection->query()
 5 APPPATH/Controllers/Admin.php(465): CodeIgniter\Database\BaseBuilder->getWhere()
 6 SYSTEMPATH/CodeIgniter.php(896): App\Controllers\Admin->editKelas()
 7 SYSTEMPATH/CodeIgniter.php(466): CodeIgniter\CodeIgniter->runController()
 8 SYSTEMPATH/CodeIgniter.php(349): CodeIgniter\CodeIgniter->handleRequest()
 9 FCPATH/index.php(55): CodeIgniter\CodeIgniter->run()
10 SYSTEMPATH/Commands/Server/rewrite.php(43): require_once('FCPATH/index.php')
ERROR - 2022-07-08 22:13:34 --> Unknown column 'id_kelas' in 'where clause'
CRITICAL - 2022-07-08 22:13:34 --> Unknown column 'id_kelas' in 'where clause'
in SYSTEMPATH/Database/MySQLi/Connection.php on line 292.
 1 SYSTEMPATH/Database/MySQLi/Connection.php(292): mysqli->query()
 2 SYSTEMPATH/Database/BaseConnection.php(695): CodeIgniter\Database\MySQLi\Connection->execute()
 3 SYSTEMPATH/Database/BaseConnection.php(609): CodeIgniter\Database\BaseConnection->simpleQuery()
 4 SYSTEMPATH/Database/BaseBuilder.php(2046): CodeIgniter\Database\BaseConnection->query()
 5 APPPATH/Controllers/Admin.php(504): CodeIgniter\Database\BaseBuilder->update()
 6 SYSTEMPATH/CodeIgniter.php(896): App\Controllers\Admin->updateKelas()
 7 SYSTEMPATH/CodeIgniter.php(466): CodeIgniter\CodeIgniter->runController()
 8 SYSTEMPATH/CodeIgniter.php(349): CodeIgniter\CodeIgniter->handleRequest()
 9 FCPATH/index.php(55): CodeIgniter\CodeIgniter->run()
10 SYSTEMPATH/Commands/Server/rewrite.php(43): require_once('FCPATH/index.php')
ERROR - 2022-07-08 22:14:35 --> Duplicate entry '10RPL1' for key 'PRIMARY'
CRITICAL - 2022-07-08 22:14:35 --> Duplicate entry '10RPL1' for key 'PRIMARY'
in SYSTEMPATH/Database/MySQLi/Connection.php on line 292.
 1 SYSTEMPATH/Database/MySQLi/Connection.php(292): mysqli->query()
 2 SYSTEMPATH/Database/BaseConnection.php(695): CodeIgniter\Database\MySQLi\Connection->execute()
 3 SYSTEMPATH/Database/BaseConnection.php(609): CodeIgniter\Database\BaseConnection->simpleQuery()
 4 SYSTEMPATH/Database/BaseBuilder.php(2046): CodeIgniter\Database\BaseConnection->query()
 5 APPPATH/Controllers/Admin.php(504): CodeIgniter\Database\BaseBuilder->update()
 6 SYSTEMPATH/CodeIgniter.php(896): App\Controllers\Admin->updateKelas()
 7 SYSTEMPATH/CodeIgniter.php(466): CodeIgniter\CodeIgniter->runController()
 8 SYSTEMPATH/CodeIgniter.php(349): CodeIgniter\CodeIgniter->handleRequest()
 9 FCPATH/index.php(55): CodeIgniter\CodeIgniter->run()
10 SYSTEMPATH/Commands/Server/rewrite.php(43): require_once('FCPATH/index.php')
ERROR - 2022-07-08 22:20:03 --> Unknown column 'id_kelas' in 'where clause'
CRITICAL - 2022-07-08 22:20:03 --> Unknown column 'id_kelas' in 'where clause'
in SYSTEMPATH/Database/MySQLi/Connection.php on line 292.
 1 SYSTEMPATH/Database/MySQLi/Connection.php(292): mysqli->query()
 2 SYSTEMPATH/Database/BaseConnection.php(695): CodeIgniter\Database\MySQLi\Connection->execute()
 3 SYSTEMPATH/Database/BaseConnection.php(609): CodeIgniter\Database\BaseConnection->simpleQuery()
 4 SYSTEMPATH/Database/BaseBuilder.php(2358): CodeIgniter\Database\BaseConnection->query()
 5 APPPATH/Controllers/Admin.php(447): CodeIgniter\Database\BaseBuilder->delete()
 6 SYSTEMPATH/CodeIgniter.php(896): App\Controllers\Admin->hapusKelas()
 7 SYSTEMPATH/CodeIgniter.php(466): CodeIgniter\CodeIgniter->runController()
 8 SYSTEMPATH/CodeIgniter.php(349): CodeIgniter\CodeIgniter->handleRequest()
 9 FCPATH/index.php(55): CodeIgniter\CodeIgniter->run()
10 SYSTEMPATH/Commands/Server/rewrite.php(43): require_once('FCPATH/index.php')
CRITICAL - 2022-07-08 22:25:03 --> Undefined property: stdClass::$id_kelas
in APPPATH/Views/admin/kelas/index.php on line 91.
 1 APPPATH/Views/admin/kelas/index.php(91): CodeIgniter\Debug\Exceptions->errorHandler()
 2 SYSTEMPATH/View/View.php(213): include('APPPATH/Views/admin/kelas/index.php')
 3 SYSTEMPATH/View/View.php(216): CodeIgniter\View\View->CodeIgniter\View\{closure}()
 4 SYSTEMPATH/Common.php(1135): CodeIgniter\View\View->render()
 5 APPPATH/Controllers/Admin.php(395): view()
 6 SYSTEMPATH/CodeIgniter.php(896): App\Controllers\Admin->kelas()
 7 SYSTEMPATH/CodeIgniter.php(466): CodeIgniter\CodeIgniter->runController()
 8 SYSTEMPATH/CodeIgniter.php(349): CodeIgniter\CodeIgniter->handleRequest()
 9 FCPATH/index.php(55): CodeIgniter\CodeIgniter->run()
10 SYSTEMPATH/Commands/Server/rewrite.php(43): require_once('FCPATH/index.php')
CRITICAL - 2022-07-08 22:29:02 --> Undefined variable $validation
in APPPATH/Views/admin/kelas/tambah.php on line 49.
 1 APPPATH/Views/admin/kelas/tambah.php(49): CodeIgniter\Debug\Exceptions->errorHandler()
 2 SYSTEMPATH/View/View.php(213): include('APPPATH/Views/admin/kelas/tambah.php')
 3 SYSTEMPATH/View/View.php(216): CodeIgniter\View\View->CodeIgniter\View\{closure}()
 4 SYSTEMPATH/Common.php(1135): CodeIgniter\View\View->render()
 5 APPPATH/Controllers/Admin.php(508): view()
 6 SYSTEMPATH/CodeIgniter.php(896): App\Controllers\Admin->updateKelas()
 7 SYSTEMPATH/CodeIgniter.php(466): CodeIgniter\CodeIgniter->runController()
 8 SYSTEMPATH/CodeIgniter.php(349): CodeIgniter\CodeIgniter->handleRequest()
 9 FCPATH/index.php(55): CodeIgniter\CodeIgniter->run()
10 SYSTEMPATH/Commands/Server/rewrite.php(43): require_once('FCPATH/index.php')
CRITICAL - 2022-07-08 22:43:36 --> password_hash(): Passing null to parameter #1 ($password) of type string is deprecated
in APPPATH/Controllers/Admin.php on line 147.
 1 [internal function]: CodeIgniter\Debug\Exceptions->errorHandler()
 2 APPPATH/Controllers/Admin.php(147): password_hash()
 3 SYSTEMPATH/CodeIgniter.php(896): App\Controllers\Admin->simpanSiswa()
 4 SYSTEMPATH/CodeIgniter.php(466): CodeIgniter\CodeIgniter->runController()
 5 SYSTEMPATH/CodeIgniter.php(349): CodeIgniter\CodeIgniter->handleRequest()
 6 FCPATH/index.php(55): CodeIgniter\CodeIgniter->run()
 7 SYSTEMPATH/Commands/Server/rewrite.php(43): require_once('FCPATH/index.php')
CRITICAL - 2022-07-08 22:45:00 --> Trying to access array offset on value of type null
in APPPATH/Controllers/Admin.php on line 157.
 1 APPPATH/Controllers/Admin.php(157): CodeIgniter\Debug\Exceptions->errorHandler()
 2 SYSTEMPATH/CodeIgniter.php(896): App\Controllers\Admin->simpanSiswa()
 3 SYSTEMPATH/CodeIgniter.php(466): CodeIgniter\CodeIgniter->runController()
 4 SYSTEMPATH/CodeIgniter.php(349): CodeIgniter\CodeIgniter->handleRequest()
 5 FCPATH/index.php(55): CodeIgniter\CodeIgniter->run()
 6 SYSTEMPATH/Commands/Server/rewrite.php(43): require_once('FCPATH/index.php')
ERROR - 2022-07-08 22:45:46 --> Cannot add or update a child row: a foreign key constraint fails (`veteran`.`siswa`, CONSTRAINT `siswa_ibfk_2` FOREIGN KEY (`id_kelas`) REFERENCES `kelas` (`id_kelas`))
CRITICAL - 2022-07-08 22:45:46 --> Cannot add or update a child row: a foreign key constraint fails (`veteran`.`siswa`, CONSTRAINT `siswa_ibfk_2` FOREIGN KEY (`id_kelas`) REFERENCES `kelas` (`id_kelas`))
in SYSTEMPATH/Database/MySQLi/Connection.php on line 292.
 1 SYSTEMPATH/Database/MySQLi/Connection.php(292): mysqli->query()
 2 SYSTEMPATH/Database/BaseConnection.php(695): CodeIgniter\Database\MySQLi\Connection->execute()
 3 SYSTEMPATH/Database/BaseConnection.php(609): CodeIgniter\Database\BaseConnection->simpleQuery()
 4 SYSTEMPATH/Database/BaseBuilder.php(1904): CodeIgniter\Database\BaseConnection->query()
 5 SYSTEMPATH/Model.php(278): CodeIgniter\Database\BaseBuilder->insert()
 6 SYSTEMPATH/BaseModel.php(738): CodeIgniter\Model->doInsert()
 7 SYSTEMPATH/Model.php(666): CodeIgniter\BaseModel->insert()
 8 SYSTEMPATH/BaseModel.php(658): CodeIgniter\Model->insert()
 9 APPPATH/Controllers/Admin.php(173): CodeIgniter\BaseModel->save()
10 SYSTEMPATH/CodeIgniter.php(896): App\Controllers\Admin->simpanSiswa()
11 SYSTEMPATH/CodeIgniter.php(466): CodeIgniter\CodeIgniter->runController()
12 SYSTEMPATH/CodeIgniter.php(349): CodeIgniter\CodeIgniter->handleRequest()
13 FCPATH/index.php(55): CodeIgniter\CodeIgniter->run()
14 SYSTEMPATH/Commands/Server/rewrite.php(43): require_once('FCPATH/index.php')
ERROR - 2022-07-08 22:50:39 --> Cannot add or update a child row: a foreign key constraint fails (`veteran`.`siswa`, CONSTRAINT `siswa_ibfk_2` FOREIGN KEY (`id_kelas`) REFERENCES `kelas` (`id_kelas`))
CRITICAL - 2022-07-08 22:50:39 --> Cannot add or update a child row: a foreign key constraint fails (`veteran`.`siswa`, CONSTRAINT `siswa_ibfk_2` FOREIGN KEY (`id_kelas`) REFERENCES `kelas` (`id_kelas`))
in SYSTEMPATH/Database/MySQLi/Connection.php on line 292.
 1 SYSTEMPATH/Database/MySQLi/Connection.php(292): mysqli->query()
 2 SYSTEMPATH/Database/BaseConnection.php(695): CodeIgniter\Database\MySQLi\Connection->execute()
 3 SYSTEMPATH/Database/BaseConnection.php(609): CodeIgniter\Database\BaseConnection->simpleQuery()
 4 SYSTEMPATH/Database/BaseBuilder.php(1904): CodeIgniter\Database\BaseConnection->query()
 5 SYSTEMPATH/Model.php(278): CodeIgniter\Database\BaseBuilder->insert()
 6 SYSTEMPATH/BaseModel.php(738): CodeIgniter\Model->doInsert()
 7 SYSTEMPATH/Model.php(666): CodeIgniter\BaseModel->insert()
 8 SYSTEMPATH/BaseModel.php(658): CodeIgniter\Model->insert()
 9 APPPATH/Controllers/Admin.php(178): CodeIgniter\BaseModel->save()
10 SYSTEMPATH/CodeIgniter.php(896): App\Controllers\Admin->simpanSiswa()
11 SYSTEMPATH/CodeIgniter.php(466): CodeIgniter\CodeIgniter->runController()
12 SYSTEMPATH/CodeIgniter.php(349): CodeIgniter\CodeIgniter->handleRequest()
13 FCPATH/index.php(55): CodeIgniter\CodeIgniter->run()
14 SYSTEMPATH/Commands/Server/rewrite.php(43): require_once('FCPATH/index.php')
ERROR - 2022-07-08 22:52:35 --> Cannot add or update a child row: a foreign key constraint fails (`veteran`.`siswa`, CONSTRAINT `siswa_ibfk_2` FOREIGN KEY (`id_kelas`) REFERENCES `kelas` (`id_kelas`) ON DELETE CASCADE ON UPDATE CASCADE)
CRITICAL - 2022-07-08 22:52:35 --> Cannot add or update a child row: a foreign key constraint fails (`veteran`.`siswa`, CONSTRAINT `siswa_ibfk_2` FOREIGN KEY (`id_kelas`) REFERENCES `kelas` (`id_kelas`) ON DELETE CASCADE ON UPDATE CASCADE)
in SYSTEMPATH/Database/MySQLi/Connection.php on line 292.
 1 SYSTEMPATH/Database/MySQLi/Connection.php(292): mysqli->query()
 2 SYSTEMPATH/Database/BaseConnection.php(695): CodeIgniter\Database\MySQLi\Connection->execute()
 3 SYSTEMPATH/Database/BaseConnection.php(609): CodeIgniter\Database\BaseConnection->simpleQuery()
 4 SYSTEMPATH/Database/BaseBuilder.php(1904): CodeIgniter\Database\BaseConnection->query()
 5 SYSTEMPATH/Model.php(278): CodeIgniter\Database\BaseBuilder->insert()
 6 SYSTEMPATH/BaseModel.php(738): CodeIgniter\Model->doInsert()
 7 SYSTEMPATH/Model.php(666): CodeIgniter\BaseModel->insert()
 8 SYSTEMPATH/BaseModel.php(658): CodeIgniter\Model->insert()
 9 APPPATH/Controllers/Admin.php(178): CodeIgniter\BaseModel->save()
10 SYSTEMPATH/CodeIgniter.php(896): App\Controllers\Admin->simpanSiswa()
11 SYSTEMPATH/CodeIgniter.php(466): CodeIgniter\CodeIgniter->runController()
12 SYSTEMPATH/CodeIgniter.php(349): CodeIgniter\CodeIgniter->handleRequest()
13 FCPATH/index.php(55): CodeIgniter\CodeIgniter->run()
14 SYSTEMPATH/Commands/Server/rewrite.php(43): require_once('FCPATH/index.php')
ERROR - 2022-07-08 22:53:08 --> Cannot add or update a child row: a foreign key constraint fails (`veteran`.`siswa`, CONSTRAINT `siswa_ibfk_2` FOREIGN KEY (`id_kelas`) REFERENCES `kelas` (`id_kelas`) ON DELETE CASCADE ON UPDATE CASCADE)
CRITICAL - 2022-07-08 22:53:08 --> Cannot add or update a child row: a foreign key constraint fails (`veteran`.`siswa`, CONSTRAINT `siswa_ibfk_2` FOREIGN KEY (`id_kelas`) REFERENCES `kelas` (`id_kelas`) ON DELETE CASCADE ON UPDATE CASCADE)
in SYSTEMPATH/Database/MySQLi/Connection.php on line 292.
 1 SYSTEMPATH/Database/MySQLi/Connection.php(292): mysqli->query()
 2 SYSTEMPATH/Database/BaseConnection.php(695): CodeIgniter\Database\MySQLi\Connection->execute()
 3 SYSTEMPATH/Database/BaseConnection.php(609): CodeIgniter\Database\BaseConnection->simpleQuery()
 4 SYSTEMPATH/Database/BaseBuilder.php(1904): CodeIgniter\Database\BaseConnection->query()
 5 SYSTEMPATH/Model.php(278): CodeIgniter\Database\BaseBuilder->insert()
 6 SYSTEMPATH/BaseModel.php(738): CodeIgniter\Model->doInsert()
 7 SYSTEMPATH/Model.php(666): CodeIgniter\BaseModel->insert()
 8 SYSTEMPATH/BaseModel.php(658): CodeIgniter\Model->insert()
 9 APPPATH/Controllers/Admin.php(178): CodeIgniter\BaseModel->save()
10 SYSTEMPATH/CodeIgniter.php(896): App\Controllers\Admin->simpanSiswa()
11 SYSTEMPATH/CodeIgniter.php(466): CodeIgniter\CodeIgniter->runController()
12 SYSTEMPATH/CodeIgniter.php(349): CodeIgniter\CodeIgniter->handleRequest()
13 FCPATH/index.php(55): CodeIgniter\CodeIgniter->run()
14 SYSTEMPATH/Commands/Server/rewrite.php(43): require_once('FCPATH/index.php')
ERROR - 2022-07-08 22:53:49 --> Cannot add or update a child row: a foreign key constraint fails (`veteran`.`siswa`, CONSTRAINT `siswa_ibfk_2` FOREIGN KEY (`id_kelas`) REFERENCES `kelas` (`id_kelas`) ON DELETE CASCADE ON UPDATE CASCADE)
CRITICAL - 2022-07-08 22:53:49 --> Cannot add or update a child row: a foreign key constraint fails (`veteran`.`siswa`, CONSTRAINT `siswa_ibfk_2` FOREIGN KEY (`id_kelas`) REFERENCES `kelas` (`id_kelas`) ON DELETE CASCADE ON UPDATE CASCADE)
in SYSTEMPATH/Database/MySQLi/Connection.php on line 292.
 1 SYSTEMPATH/Database/MySQLi/Connection.php(292): mysqli->query()
 2 SYSTEMPATH/Database/BaseConnection.php(695): CodeIgniter\Database\MySQLi\Connection->execute()
 3 SYSTEMPATH/Database/BaseConnection.php(609): CodeIgniter\Database\BaseConnection->simpleQuery()
 4 SYSTEMPATH/Database/BaseBuilder.php(1904): CodeIgniter\Database\BaseConnection->query()
 5 SYSTEMPATH/Model.php(278): CodeIgniter\Database\BaseBuilder->insert()
 6 SYSTEMPATH/BaseModel.php(738): CodeIgniter\Model->doInsert()
 7 SYSTEMPATH/Model.php(666): CodeIgniter\BaseModel->insert()
 8 SYSTEMPATH/BaseModel.php(658): CodeIgniter\Model->insert()
 9 APPPATH/Controllers/Admin.php(178): CodeIgniter\BaseModel->save()
10 SYSTEMPATH/CodeIgniter.php(896): App\Controllers\Admin->simpanSiswa()
11 SYSTEMPATH/CodeIgniter.php(466): CodeIgniter\CodeIgniter->runController()
12 SYSTEMPATH/CodeIgniter.php(349): CodeIgniter\CodeIgniter->handleRequest()
13 FCPATH/index.php(55): CodeIgniter\CodeIgniter->run()
14 SYSTEMPATH/Commands/Server/rewrite.php(43): require_once('FCPATH/index.php')
ERROR - 2022-07-08 22:57:38 --> Cannot add or update a child row: a foreign key constraint fails (`veteran`.`siswa`, CONSTRAINT `siswa_ibfk_2` FOREIGN KEY (`id_kelas`) REFERENCES `kelas` (`id_kelas`) ON DELETE CASCADE ON UPDATE CASCADE)
CRITICAL - 2022-07-08 22:57:38 --> Cannot add or update a child row: a foreign key constraint fails (`veteran`.`siswa`, CONSTRAINT `siswa_ibfk_2` FOREIGN KEY (`id_kelas`) REFERENCES `kelas` (`id_kelas`) ON DELETE CASCADE ON UPDATE CASCADE)
in SYSTEMPATH/Database/MySQLi/Connection.php on line 292.
 1 SYSTEMPATH/Database/MySQLi/Connection.php(292): mysqli->query()
 2 SYSTEMPATH/Database/BaseConnection.php(695): CodeIgniter\Database\MySQLi\Connection->execute()
 3 SYSTEMPATH/Database/BaseConnection.php(609): CodeIgniter\Database\BaseConnection->simpleQuery()
 4 SYSTEMPATH/Database/BaseBuilder.php(1904): CodeIgniter\Database\BaseConnection->query()
 5 SYSTEMPATH/Model.php(278): CodeIgniter\Database\BaseBuilder->insert()
 6 SYSTEMPATH/BaseModel.php(738): CodeIgniter\Model->doInsert()
 7 SYSTEMPATH/Model.php(666): CodeIgniter\BaseModel->insert()
 8 SYSTEMPATH/BaseModel.php(658): CodeIgniter\Model->insert()
 9 APPPATH/Controllers/Admin.php(178): CodeIgniter\BaseModel->save()
10 SYSTEMPATH/CodeIgniter.php(896): App\Controllers\Admin->simpanSiswa()
11 SYSTEMPATH/CodeIgniter.php(466): CodeIgniter\CodeIgniter->runController()
12 SYSTEMPATH/CodeIgniter.php(349): CodeIgniter\CodeIgniter->handleRequest()
13 FCPATH/index.php(55): CodeIgniter\CodeIgniter->run()
14 SYSTEMPATH/Commands/Server/rewrite.php(43): require_once('FCPATH/index.php')
ERROR - 2022-07-08 22:58:00 --> Cannot add or update a child row: a foreign key constraint fails (`veteran`.`siswa`, CONSTRAINT `siswa_ibfk_2` FOREIGN KEY (`id_kelas`) REFERENCES `kelas` (`id_kelas`) ON DELETE CASCADE ON UPDATE CASCADE)
CRITICAL - 2022-07-08 22:58:00 --> Cannot add or update a child row: a foreign key constraint fails (`veteran`.`siswa`, CONSTRAINT `siswa_ibfk_2` FOREIGN KEY (`id_kelas`) REFERENCES `kelas` (`id_kelas`) ON DELETE CASCADE ON UPDATE CASCADE)
in SYSTEMPATH/Database/MySQLi/Connection.php on line 292.
 1 SYSTEMPATH/Database/MySQLi/Connection.php(292): mysqli->query()
 2 SYSTEMPATH/Database/BaseConnection.php(695): CodeIgniter\Database\MySQLi\Connection->execute()
 3 SYSTEMPATH/Database/BaseConnection.php(609): CodeIgniter\Database\BaseConnection->simpleQuery()
 4 SYSTEMPATH/Database/BaseBuilder.php(1904): CodeIgniter\Database\BaseConnection->query()
 5 SYSTEMPATH/Model.php(278): CodeIgniter\Database\BaseBuilder->insert()
 6 SYSTEMPATH/BaseModel.php(738): CodeIgniter\Model->doInsert()
 7 SYSTEMPATH/Model.php(666): CodeIgniter\BaseModel->insert()
 8 SYSTEMPATH/BaseModel.php(658): CodeIgniter\Model->insert()
 9 APPPATH/Controllers/Admin.php(178): CodeIgniter\BaseModel->save()
10 SYSTEMPATH/CodeIgniter.php(896): App\Controllers\Admin->simpanSiswa()
11 SYSTEMPATH/CodeIgniter.php(466): CodeIgniter\CodeIgniter->runController()
12 SYSTEMPATH/CodeIgniter.php(349): CodeIgniter\CodeIgniter->handleRequest()
13 FCPATH/index.php(55): CodeIgniter\CodeIgniter->run()
14 SYSTEMPATH/Commands/Server/rewrite.php(43): require_once('FCPATH/index.php')
ERROR - 2022-07-08 22:58:34 --> Cannot add or update a child row: a foreign key constraint fails (`veteran`.`siswa`, CONSTRAINT `siswa_ibfk_2` FOREIGN KEY (`id_kelas`) REFERENCES `kelas` (`id_kelas`) ON DELETE CASCADE ON UPDATE CASCADE)
CRITICAL - 2022-07-08 22:58:34 --> Cannot add or update a child row: a foreign key constraint fails (`veteran`.`siswa`, CONSTRAINT `siswa_ibfk_2` FOREIGN KEY (`id_kelas`) REFERENCES `kelas` (`id_kelas`) ON DELETE CASCADE ON UPDATE CASCADE)
in SYSTEMPATH/Database/MySQLi/Connection.php on line 292.
 1 SYSTEMPATH/Database/MySQLi/Connection.php(292): mysqli->query()
 2 SYSTEMPATH/Database/BaseConnection.php(695): CodeIgniter\Database\MySQLi\Connection->execute()
 3 SYSTEMPATH/Database/BaseConnection.php(609): CodeIgniter\Database\BaseConnection->simpleQuery()
 4 SYSTEMPATH/Database/BaseBuilder.php(1904): CodeIgniter\Database\BaseConnection->query()
 5 SYSTEMPATH/Model.php(278): CodeIgniter\Database\BaseBuilder->insert()
 6 SYSTEMPATH/BaseModel.php(738): CodeIgniter\Model->doInsert()
 7 SYSTEMPATH/Model.php(666): CodeIgniter\BaseModel->insert()
 8 SYSTEMPATH/BaseModel.php(658): CodeIgniter\Model->insert()
 9 APPPATH/Controllers/Admin.php(178): CodeIgniter\BaseModel->save()
10 SYSTEMPATH/CodeIgniter.php(896): App\Controllers\Admin->simpanSiswa()
11 SYSTEMPATH/CodeIgniter.php(466): CodeIgniter\CodeIgniter->runController()
12 SYSTEMPATH/CodeIgniter.php(349): CodeIgniter\CodeIgniter->handleRequest()
13 FCPATH/index.php(55): CodeIgniter\CodeIgniter->run()
14 SYSTEMPATH/Commands/Server/rewrite.php(43): require_once('FCPATH/index.php')
ERROR - 2022-07-08 22:59:12 --> Cannot add or update a child row: a foreign key constraint fails (`veteran`.`siswa`, CONSTRAINT `siswa_ibfk_2` FOREIGN KEY (`id_kelas`) REFERENCES `kelas` (`id_kelas`) ON DELETE CASCADE ON UPDATE CASCADE)
CRITICAL - 2022-07-08 22:59:12 --> Cannot add or update a child row: a foreign key constraint fails (`veteran`.`siswa`, CONSTRAINT `siswa_ibfk_2` FOREIGN KEY (`id_kelas`) REFERENCES `kelas` (`id_kelas`) ON DELETE CASCADE ON UPDATE CASCADE)
in SYSTEMPATH/Database/MySQLi/Connection.php on line 292.
 1 SYSTEMPATH/Database/MySQLi/Connection.php(292): mysqli->query()
 2 SYSTEMPATH/Database/BaseConnection.php(695): CodeIgniter\Database\MySQLi\Connection->execute()
 3 SYSTEMPATH/Database/BaseConnection.php(609): CodeIgniter\Database\BaseConnection->simpleQuery()
 4 SYSTEMPATH/Database/BaseBuilder.php(1904): CodeIgniter\Database\BaseConnection->query()
 5 SYSTEMPATH/Model.php(278): CodeIgniter\Database\BaseBuilder->insert()
 6 SYSTEMPATH/BaseModel.php(738): CodeIgniter\Model->doInsert()
 7 SYSTEMPATH/Model.php(666): CodeIgniter\BaseModel->insert()
 8 SYSTEMPATH/BaseModel.php(658): CodeIgniter\Model->insert()
 9 APPPATH/Controllers/Admin.php(179): CodeIgniter\BaseModel->save()
10 SYSTEMPATH/CodeIgniter.php(896): App\Controllers\Admin->simpanSiswa()
11 SYSTEMPATH/CodeIgniter.php(466): CodeIgniter\CodeIgniter->runController()
12 SYSTEMPATH/CodeIgniter.php(349): CodeIgniter\CodeIgniter->handleRequest()
13 FCPATH/index.php(55): CodeIgniter\CodeIgniter->run()
14 SYSTEMPATH/Commands/Server/rewrite.php(43): require_once('FCPATH/index.php')
