ERROR - 2022-07-10 10:03:36 --> Error connecting to the database: No connection could be made because the target machine actively refused it.

CRITICAL - 2022-07-10 10:03:36 --> Unable to connect to the database.
Main connection [MySQLi]: No connection could be made because the target machine actively refused it.

in SYSTEMPATH\Database\BaseConnection.php on line 416.
 1 SYSTEMPATH\Database\BaseConnection.php(586): CodeIgniter\Database\BaseConnection->initialize()
 2 SYSTEMPATH\Database\BaseBuilder.php(1585): CodeIgniter\Database\BaseConnection->query('SELECT *
FROM `user`
WHERE `username` = :username:', [...], false)
 3 APPPATH\Models\ModelAuth.php(28): CodeIgniter\Database\BaseBuilder->get()
 4 APPPATH\Controllers\Auth.php(132): App\Models\ModelAuth->login('admin')
 5 SYSTEMPATH\CodeIgniter.php(896): App\Controllers\Auth->cekLogin()
 6 SYSTEMPATH\CodeIgniter.php(466): CodeIgniter\CodeIgniter->runController(Object(App\Controllers\Auth))
 7 SYSTEMPATH\CodeIgniter.php(349): CodeIgniter\CodeIgniter->handleRequest(null, Object(Config\Cache), false)
 8 FCPATH\index.php(55): CodeIgniter\CodeIgniter->run()
 9 SYSTEMPATH\Commands\Server\rewrite.php(43): require_once('FCPATH\\index.php')
ERROR - 2022-07-10 11:43:39 --> Column 'username' cannot be null
CRITICAL - 2022-07-10 11:43:39 --> Column 'username' cannot be null
in SYSTEMPATH\Database\MySQLi\Connection.php on line 292.
 1 SYSTEMPATH\Database\MySQLi\Connection.php(292): mysqli->query('INSERT INTO `user` (`username`, `password`, `role_id`, `created_at`, `updated_at`) VALUES (NULL, \'$2y$10$pHfxxgxqNjPXmMVaZlirtu/a/dq.iFYB0mj37GaTpxxvA/9OgGYp.\', 3, \'2022-07-10 11:43:39\', \'2022-07-10 11:43:39\')', 0)
 2 SYSTEMPATH\Database\BaseConnection.php(695): CodeIgniter\Database\MySQLi\Connection->execute('INSERT INTO `user` (`username`, `password`, `role_id`, `created_at`, `updated_at`) VALUES (NULL, \'$2y$10$pHfxxgxqNjPXmMVaZlirtu/a/dq.iFYB0mj37GaTpxxvA/9OgGYp.\', 3, \'2022-07-10 11:43:39\', \'2022-07-10 11:43:39\')')
 3 SYSTEMPATH\Database\BaseConnection.php(609): CodeIgniter\Database\BaseConnection->simpleQuery('INSERT INTO `user` (`username`, `password`, `role_id`, `created_at`, `updated_at`) VALUES (NULL, \'$2y$10$pHfxxgxqNjPXmMVaZlirtu/a/dq.iFYB0mj37GaTpxxvA/9OgGYp.\', 3, \'2022-07-10 11:43:39\', \'2022-07-10 11:43:39\')')
 4 SYSTEMPATH\Database\BaseBuilder.php(1904): CodeIgniter\Database\BaseConnection->query('INSERT INTO `user` (`username`, `password`, `role_id`, `created_at`, `updated_at`) VALUES (:username:, :password:, :role_id:, :created_at:, :updated_at:)', [...], false)
 5 SYSTEMPATH\Model.php(278): CodeIgniter\Database\BaseBuilder->insert()
 6 SYSTEMPATH\BaseModel.php(738): CodeIgniter\Model->doInsert([...])
 7 SYSTEMPATH\Model.php(666): CodeIgniter\BaseModel->insert([...], false)
 8 SYSTEMPATH\BaseModel.php(658): CodeIgniter\Model->insert([...], false)
 9 APPPATH\Controllers\Admin.php(77): CodeIgniter\BaseModel->save([...])
10 SYSTEMPATH\CodeIgniter.php(896): App\Controllers\Admin->simpanGuru()
11 SYSTEMPATH\CodeIgniter.php(466): CodeIgniter\CodeIgniter->runController(Object(App\Controllers\Admin))
12 SYSTEMPATH\CodeIgniter.php(349): CodeIgniter\CodeIgniter->handleRequest(null, Object(Config\Cache), false)
13 FCPATH\index.php(55): CodeIgniter\CodeIgniter->run()
14 SYSTEMPATH\Commands\Server\rewrite.php(43): require_once('FCPATH\\index.php')
ERROR - 2022-07-10 12:02:29 --> Column 'username' cannot be null
CRITICAL - 2022-07-10 12:02:29 --> Column 'username' cannot be null
in SYSTEMPATH\Database\MySQLi\Connection.php on line 292.
 1 SYSTEMPATH\Database\MySQLi\Connection.php(292): mysqli->query('INSERT INTO `user` (`username`, `password`, `role_id`, `created_at`, `updated_at`) VALUES (NULL, \'$2y$10$wHC7zveneiNYC7IrE3QmJ.6pcoEg.VIfvOCKWhQ0twc3ebHmYMnIK\', 3, \'2022-07-10 12:02:29\', \'2022-07-10 12:02:29\')', 0)
 2 SYSTEMPATH\Database\BaseConnection.php(695): CodeIgniter\Database\MySQLi\Connection->execute('INSERT INTO `user` (`username`, `password`, `role_id`, `created_at`, `updated_at`) VALUES (NULL, \'$2y$10$wHC7zveneiNYC7IrE3QmJ.6pcoEg.VIfvOCKWhQ0twc3ebHmYMnIK\', 3, \'2022-07-10 12:02:29\', \'2022-07-10 12:02:29\')')
 3 SYSTEMPATH\Database\BaseConnection.php(609): CodeIgniter\Database\BaseConnection->simpleQuery('INSERT INTO `user` (`username`, `password`, `role_id`, `created_at`, `updated_at`) VALUES (NULL, \'$2y$10$wHC7zveneiNYC7IrE3QmJ.6pcoEg.VIfvOCKWhQ0twc3ebHmYMnIK\', 3, \'2022-07-10 12:02:29\', \'2022-07-10 12:02:29\')')
 4 SYSTEMPATH\Database\BaseBuilder.php(1904): CodeIgniter\Database\BaseConnection->query('INSERT INTO `user` (`username`, `password`, `role_id`, `created_at`, `updated_at`) VALUES (:username:, :password:, :role_id:, :created_at:, :updated_at:)', [...], false)
 5 SYSTEMPATH\Model.php(278): CodeIgniter\Database\BaseBuilder->insert()
 6 SYSTEMPATH\BaseModel.php(738): CodeIgniter\Model->doInsert([...])
 7 SYSTEMPATH\Model.php(666): CodeIgniter\BaseModel->insert([...], false)
 8 SYSTEMPATH\BaseModel.php(658): CodeIgniter\Model->insert([...], false)
 9 APPPATH\Controllers\Admin.php(77): CodeIgniter\BaseModel->save([...])
10 SYSTEMPATH\CodeIgniter.php(896): App\Controllers\Admin->simpanGuru()
11 SYSTEMPATH\CodeIgniter.php(466): CodeIgniter\CodeIgniter->runController(Object(App\Controllers\Admin))
12 SYSTEMPATH\CodeIgniter.php(349): CodeIgniter\CodeIgniter->handleRequest(null, Object(Config\Cache), false)
13 FCPATH\index.php(55): CodeIgniter\CodeIgniter->run()
14 SYSTEMPATH\Commands\Server\rewrite.php(43): require_once('FCPATH\\index.php')
ERROR - 2022-07-10 12:10:33 --> Column 'username' cannot be null
CRITICAL - 2022-07-10 12:10:33 --> Column 'username' cannot be null
in SYSTEMPATH\Database\MySQLi\Connection.php on line 292.
 1 SYSTEMPATH\Database\MySQLi\Connection.php(292): mysqli->query('INSERT INTO `user` (`username`, `password`, `role_id`, `created_at`, `updated_at`) VALUES (NULL, \'$2y$10$Zy6GfBRcN9nvVUkhRdP38.pWMUk3UeLFm0.w0SG3i/usyoYkURhkC\', 3, \'2022-07-10 12:10:33\', \'2022-07-10 12:10:33\')', 0)
 2 SYSTEMPATH\Database\BaseConnection.php(695): CodeIgniter\Database\MySQLi\Connection->execute('INSERT INTO `user` (`username`, `password`, `role_id`, `created_at`, `updated_at`) VALUES (NULL, \'$2y$10$Zy6GfBRcN9nvVUkhRdP38.pWMUk3UeLFm0.w0SG3i/usyoYkURhkC\', 3, \'2022-07-10 12:10:33\', \'2022-07-10 12:10:33\')')
 3 SYSTEMPATH\Database\BaseConnection.php(609): CodeIgniter\Database\BaseConnection->simpleQuery('INSERT INTO `user` (`username`, `password`, `role_id`, `created_at`, `updated_at`) VALUES (NULL, \'$2y$10$Zy6GfBRcN9nvVUkhRdP38.pWMUk3UeLFm0.w0SG3i/usyoYkURhkC\', 3, \'2022-07-10 12:10:33\', \'2022-07-10 12:10:33\')')
 4 SYSTEMPATH\Database\BaseBuilder.php(1904): CodeIgniter\Database\BaseConnection->query('INSERT INTO `user` (`username`, `password`, `role_id`, `created_at`, `updated_at`) VALUES (:username:, :password:, :role_id:, :created_at:, :updated_at:)', [...], false)
 5 SYSTEMPATH\Model.php(278): CodeIgniter\Database\BaseBuilder->insert()
 6 SYSTEMPATH\BaseModel.php(738): CodeIgniter\Model->doInsert([...])
 7 SYSTEMPATH\Model.php(666): CodeIgniter\BaseModel->insert([...], false)
 8 SYSTEMPATH\BaseModel.php(658): CodeIgniter\Model->insert([...], false)
 9 APPPATH\Controllers\Admin.php(77): CodeIgniter\BaseModel->save([...])
10 SYSTEMPATH\CodeIgniter.php(896): App\Controllers\Admin->simpanGuru()
11 SYSTEMPATH\CodeIgniter.php(466): CodeIgniter\CodeIgniter->runController(Object(App\Controllers\Admin))
12 SYSTEMPATH\CodeIgniter.php(349): CodeIgniter\CodeIgniter->handleRequest(null, Object(Config\Cache), false)
13 FCPATH\index.php(55): CodeIgniter\CodeIgniter->run()
14 SYSTEMPATH\Commands\Server\rewrite.php(43): require_once('FCPATH\\index.php')
ERROR - 2022-07-10 13:24:26 --> Unknown column 'mapel.id_mapel' in 'on clause'
CRITICAL - 2022-07-10 13:24:26 --> Unknown column 'mapel.id_mapel' in 'on clause'
in SYSTEMPATH\Database\MySQLi\Connection.php on line 292.
 1 SYSTEMPATH\Database\MySQLi\Connection.php(292): mysqli->query('SELECT *
FROM `guru-mapel`
JOIN `mapel` ON `guru-mapel`.`id_mapel` = `mapel`.`id_mapel`', 0)
 2 SYSTEMPATH\Database\BaseConnection.php(695): CodeIgniter\Database\MySQLi\Connection->execute('SELECT *
FROM `guru-mapel`
JOIN `mapel` ON `guru-mapel`.`id_mapel` = `mapel`.`id_mapel`')
 3 SYSTEMPATH\Database\BaseConnection.php(609): CodeIgniter\Database\BaseConnection->simpleQuery('SELECT *
FROM `guru-mapel`
JOIN `mapel` ON `guru-mapel`.`id_mapel` = `mapel`.`id_mapel`')
 4 SYSTEMPATH\Database\BaseBuilder.php(1585): CodeIgniter\Database\BaseConnection->query('SELECT *
FROM `guru-mapel`
JOIN `mapel` ON `guru-mapel`.`id_mapel` = `mapel`.`id_mapel`', [], false)
 5 APPPATH\Controllers\Admin.php(128): CodeIgniter\Database\BaseBuilder->get()
 6 SYSTEMPATH\CodeIgniter.php(896): App\Controllers\Admin->registerGuru()
 7 SYSTEMPATH\CodeIgniter.php(466): CodeIgniter\CodeIgniter->runController(Object(App\Controllers\Admin))
 8 SYSTEMPATH\CodeIgniter.php(349): CodeIgniter\CodeIgniter->handleRequest(null, Object(Config\Cache), false)
 9 FCPATH\index.php(55): CodeIgniter\CodeIgniter->run()
10 SYSTEMPATH\Commands\Server\rewrite.php(43): require_once('FCPATH\\index.php')
ERROR - 2022-07-10 13:24:41 --> Unknown column 'mapel.id_mapel' in 'on clause'
CRITICAL - 2022-07-10 13:24:41 --> Unknown column 'mapel.id_mapel' in 'on clause'
in SYSTEMPATH\Database\MySQLi\Connection.php on line 292.
 1 SYSTEMPATH\Database\MySQLi\Connection.php(292): mysqli->query('SELECT *
FROM `guru-mapel`
JOIN `mapel` ON `guru-mapel`.`id_mapel` = `mapel`.`id_mapel`', 0)
 2 SYSTEMPATH\Database\BaseConnection.php(695): CodeIgniter\Database\MySQLi\Connection->execute('SELECT *
FROM `guru-mapel`
JOIN `mapel` ON `guru-mapel`.`id_mapel` = `mapel`.`id_mapel`')
 3 SYSTEMPATH\Database\BaseConnection.php(609): CodeIgniter\Database\BaseConnection->simpleQuery('SELECT *
FROM `guru-mapel`
JOIN `mapel` ON `guru-mapel`.`id_mapel` = `mapel`.`id_mapel`')
 4 SYSTEMPATH\Database\BaseBuilder.php(1585): CodeIgniter\Database\BaseConnection->query('SELECT *
FROM `guru-mapel`
JOIN `mapel` ON `guru-mapel`.`id_mapel` = `mapel`.`id_mapel`', [], false)
 5 APPPATH\Controllers\Admin.php(128): CodeIgniter\Database\BaseBuilder->get()
 6 SYSTEMPATH\CodeIgniter.php(896): App\Controllers\Admin->registerGuru()
 7 SYSTEMPATH\CodeIgniter.php(466): CodeIgniter\CodeIgniter->runController(Object(App\Controllers\Admin))
 8 SYSTEMPATH\CodeIgniter.php(349): CodeIgniter\CodeIgniter->handleRequest(null, Object(Config\Cache), false)
 9 FCPATH\index.php(55): CodeIgniter\CodeIgniter->run()
10 SYSTEMPATH\Commands\Server\rewrite.php(43): require_once('FCPATH\\index.php')
CRITICAL - 2022-07-10 13:25:25 --> Call to undefined method CodeIgniter\Database\MySQLi\Result::get()
in APPPATH\Controllers\Admin.php on line 132.
 1 SYSTEMPATH\CodeIgniter.php(896): App\Controllers\Admin->registerGuru()
 2 SYSTEMPATH\CodeIgniter.php(466): CodeIgniter\CodeIgniter->runController(Object(App\Controllers\Admin))
 3 SYSTEMPATH\CodeIgniter.php(349): CodeIgniter\CodeIgniter->handleRequest(null, Object(Config\Cache), false)
 4 FCPATH\index.php(55): CodeIgniter\CodeIgniter->run()
 5 SYSTEMPATH\Commands\Server\rewrite.php(43): require_once('FCPATH\\index.php')
